0 verbose cli F:\nvm4w\nodejs\node.exe F:\nvm4w\nodejs\node_modules\npm\bin\npm-cli.js
1 info using npm@10.8.1
2 info using node@v20.16.0
3 silly config load:file:C:\Users\PC\AppData\Local\nvm\v20.16.0\node_modules\npm\npmrc
4 silly config load:file:D:\react-js\Vocal\.npmrc
5 silly config load:file:C:\Users\PC\.npmrc
6 silly config load:file:C:\Users\PC\AppData\Roaming\npm\etc\npmrc
7 verbose title npm install react-icons
8 verbose argv "install" "react-icons"
9 verbose logfile logs-max:10 dir:D:\react-js\Vocal\.npm-cache\_logs\2026-04-06T01_25_03_650Z-
10 verbose logfile D:\react-js\Vocal\.npm-cache\_logs\2026-04-06T01_25_03_650Z-debug-0.log
11 silly packumentCache heap:4345298944 maxSize:1086324736 maxEntrySize:543162368
12 silly logfile start cleaning logs, removing 1 files
13 silly logfile done cleaning log files
14 silly idealTree buildDeps
15 silly fetch manifest react-icons@*
16 silly packumentCache full:https://registry.npmjs.org/react-icons cache-miss
17 http fetch GET 200 https://registry.npmjs.org/react-icons 1144ms (cache miss)
18 silly packumentCache full:https://registry.npmjs.org/react-icons set size:undefined disposed:false
19 silly fetch manifest react@^19.2.4
20 silly packumentCache full:https://registry.npmjs.org/react cache-miss
21 http fetch GET 200 https://registry.npmjs.org/react 239ms (cache revalidated)
22 silly packumentCache full:https://registry.npmjs.org/react set size:6585005 disposed:false
23 silly placeDep ROOT react-icons@5.6.0 OK for: vocal-spc@1.0.0 want: *
24 warn EBADENGINE Unsupported engine {
24 warn EBADENGINE   package: 'eslint-visitor-keys@5.0.1',
24 warn EBADENGINE   required: { node: '^20.19.0 || ^22.13.0 || >=24' },
24 warn EBADENGINE   current: { node: 'v20.16.0', npm: '10.8.1' }
24 warn EBADENGINE }
25 warn EBADENGINE Unsupported engine {
25 warn EBADENGINE   package: 'oxc-transform@0.111.0',
25 warn EBADENGINE   required: { node: '^20.19.0 || >=22.12.0' },
25 warn EBADENGINE   current: { node: 'v20.16.0', npm: '10.8.1' }
25 warn EBADENGINE }
26 warn EBADENGINE Unsupported engine {
26 warn EBADENGINE   package: 'rolldown@1.0.0-rc.1',
26 warn EBADENGINE   required: { node: '^20.19.0 || >=22.12.0' },
26 warn EBADENGINE   current: { node: 'v20.16.0', npm: '10.8.1' }
26 warn EBADENGINE }
27 silly reify moves {}
28 verbose reify failed optional dependency D:\react-js\Vocal\node_modules\@tailwindcss\oxide-wasm32-wasi
29 silly reify mark deleted [
29 silly reify   'D:\\react-js\\Vocal\\node_modules\\@tailwindcss\\oxide-wasm32-wasi'
29 silly reify ]
30 silly audit bulk request {
30 silly audit   '@babel/code-frame': [ '7.29.0' ],
30 silly audit   '@babel/compat-data': [ '7.29.0' ],
30 silly audit   '@babel/core': [ '7.29.0' ],
30 silly audit   '@babel/generator': [ '7.29.1' ],
30 silly audit   '@babel/helper-compilation-targets': [ '7.28.6' ],
30 silly audit   '@babel/helper-globals': [ '7.28.0' ],
30 silly audit   '@babel/helper-module-imports': [ '7.28.6' ],
30 silly audit   '@babel/helper-module-transforms': [ '7.28.6' ],
30 silly audit   '@babel/helper-plugin-utils': [ '7.28.6' ],
30 silly audit   '@babel/helper-string-parser': [ '7.27.1' ],
30 silly audit   '@babel/helper-validator-identifier': [ '7.28.5' ],
30 silly audit   '@babel/helper-validator-option': [ '7.27.1' ],
30 silly audit   '@babel/helpers': [ '7.29.2' ],
30 silly audit   '@babel/parser': [ '7.29.2' ],
30 silly audit   '@babel/plugin-transform-react-jsx-self': [ '7.27.1' ],
30 silly audit   '@babel/plugin-transform-react-jsx-source': [ '7.27.1' ],
30 silly audit   '@babel/template': [ '7.28.6' ],
30 silly audit   '@babel/traverse': [ '7.29.0' ],
30 silly audit   '@babel/types': [ '7.29.0' ],
30 silly audit   '@bytecodealliance/preview2-shim': [ '0.17.6' ],
30 silly audit   '@edge-runtime/format': [ '2.2.1' ],
30 silly audit   '@edge-runtime/node-utils': [ '2.3.0' ],
30 silly audit   '@edge-runtime/ponyfill': [ '2.4.2' ],
30 silly audit   '@edge-runtime/primitives': [ '4.1.0' ],
30 silly audit   '@edge-runtime/vm': [ '3.2.0' ],
30 silly audit   '@emnapi/core': [ '1.9.2' ],
30 silly audit   '@emnapi/runtime': [ '1.9.2' ],
30 silly audit   '@emnapi/wasi-threads': [ '1.2.1' ],
30 silly audit   '@esbuild/aix-ppc64': [ '0.27.0', '0.25.12' ],
30 silly audit   '@esbuild/android-arm': [ '0.27.0', '0.25.12' ],
30 silly audit   '@esbuild/android-arm64': [ '0.27.0', '0.25.12' ],
30 silly audit   '@esbuild/android-x64': [ '0.27.0', '0.25.12' ],
30 silly audit   '@esbuild/darwin-arm64': [ '0.27.0', '0.25.12' ],
30 silly audit   '@esbuild/darwin-x64': [ '0.27.0', '0.25.12' ],
30 silly audit   '@esbuild/freebsd-arm64': [ '0.27.0', '0.25.12' ],
30 silly audit   '@esbuild/freebsd-x64': [ '0.27.0', '0.25.12' ],
30 silly audit   '@esbuild/linux-arm': [ '0.27.0', '0.25.12' ],
30 silly audit   '@esbuild/linux-arm64': [ '0.27.0', '0.25.12' ],
30 silly audit   '@esbuild/linux-ia32': [ '0.27.0', '0.25.12' ],
30 silly audit   '@esbuild/linux-loong64': [ '0.27.0', '0.25.12' ],
30 silly audit   '@esbuild/linux-mips64el': [ '0.27.0', '0.25.12' ],
30 silly audit   '@esbuild/linux-ppc64': [ '0.27.0', '0.25.12' ],
30 silly audit   '@esbuild/linux-riscv64': [ '0.27.0', '0.25.12' ],
30 silly audit   '@esbuild/linux-s390x': [ '0.27.0', '0.25.12' ],
30 silly audit   '@esbuild/linux-x64': [ '0.27.0', '0.25.12' ],
30 silly audit   '@esbuild/netbsd-arm64': [ '0.27.0', '0.25.12' ],
30 silly audit   '@esbuild/netbsd-x64': [ '0.27.0', '0.25.12' ],
30 silly audit   '@esbuild/openbsd-arm64': [ '0.27.0', '0.25.12' ],
30 silly audit   '@esbuild/openbsd-x64': [ '0.27.0', '0.25.12' ],
30 silly audit   '@esbuild/openharmony-arm64': [ '0.27.0', '0.25.12' ],
30 silly audit   '@esbuild/sunos-x64': [ '0.27.0', '0.25.12' ],
30 silly audit   '@esbuild/win32-arm64': [ '0.27.0', '0.25.12' ],
30 silly audit   '@esbuild/win32-ia32': [ '0.27.0', '0.25.12' ],
30 silly audit   '@esbuild/win32-x64': [ '0.27.0', '0.25.12' ],
30 silly audit   '@eslint-community/eslint-utils': [ '4.9.1' ],
30 silly audit   'eslint-visitor-keys': [ '3.4.3', '5.0.1', '4.2.1' ],
30 silly audit   '@eslint-community/regexpp': [ '4.12.2' ],
30 silly audit   '@eslint/config-array': [ '0.21.2' ],
30 silly audit   '@eslint/config-helpers': [ '0.4.2' ],
30 silly audit   '@eslint/core': [ '0.17.0' ],
30 silly audit   '@eslint/eslintrc': [ '3.3.5' ],
30 silly audit   globals: [ '14.0.0', '17.4.0' ],
30 silly audit   '@eslint/js': [ '9.39.4' ],
30 silly audit   '@eslint/object-schema': [ '2.1.7' ],
30 silly audit   '@eslint/plugin-kit': [ '0.4.1' ],
30 silly audit   '@fastify/busboy': [ '2.1.1' ],
30 silly audit   '@firebase/ai': [ '2.10.0' ],
30 silly audit   '@firebase/analytics': [ '0.10.21' ],
30 silly audit   '@firebase/analytics-compat': [ '0.2.27' ],
30 silly audit   '@firebase/analytics-types': [ '0.8.3' ],
30 silly audit   '@firebase/app': [ '0.14.10' ],
30 silly audit   '@firebase/app-check': [ '0.11.2' ],
30 silly audit   '@firebase/app-check-compat': [ '0.4.2' ],
30 silly audit   '@firebase/app-check-interop-types': [ '0.3.3' ],
30 silly audit   '@firebase/app-check-types': [ '0.5.3' ],
30 silly audit   '@firebase/app-compat': [ '0.5.10' ],
30 silly audit   '@firebase/app-types': [ '0.9.3' ],
30 silly audit   '@firebase/auth': [ '1.12.2' ],
30 silly audit   '@firebase/auth-compat': [ '0.6.4' ],
30 silly audit   '@firebase/auth-interop-types': [ '0.2.4' ],
30 silly audit   '@firebase/auth-types': [ '0.13.0' ],
30 silly audit   '@firebase/component': [ '0.7.2' ],
30 silly audit   '@firebase/data-connect': [ '0.5.0' ],
30 silly audit   '@firebase/database': [ '1.1.2' ],
30 silly audit   '@firebase/database-compat': [ '2.1.2' ],
30 silly audit   '@firebase/database-types': [ '1.0.18' ],
30 silly audit   '@firebase/firestore': [ '4.13.0' ],
30 silly audit   '@firebase/firestore-compat': [ '0.4.7' ],
30 silly audit   '@firebase/firestore-types': [ '3.0.3' ],
30 silly audit   '@firebase/functions': [ '0.13.3' ],
30 silly audit   '@firebase/functions-compat': [ '0.4.3' ],
30 silly audit   '@firebase/functions-types': [ '0.6.3' ],
30 silly audit   '@firebase/installations': [ '0.6.21' ],
30 silly audit   '@firebase/installations-compat': [ '0.2.21' ],
30 silly audit   '@firebase/installations-types': [ '0.5.3' ],
30 silly audit   '@firebase/logger': [ '0.5.0' ],
30 silly audit   '@firebase/messaging': [ '0.12.25' ],
30 silly audit   '@firebase/messaging-compat': [ '0.2.25' ],
30 silly audit   '@firebase/messaging-interop-types': [ '0.2.3' ],
30 silly audit   '@firebase/performance': [ '0.7.11' ],
30 silly audit   '@firebase/performance-compat': [ '0.2.24' ],
30 silly audit   '@firebase/performance-types': [ '0.2.3' ],
30 silly audit   'web-vitals': [ '4.2.4', '0.2.4' ],
30 silly audit   '@firebase/remote-config': [ '0.8.2' ],
30 silly audit   '@firebase/remote-config-compat': [ '0.2.23' ],
30 silly audit   '@firebase/remote-config-types': [ '0.5.0' ],
30 silly audit   '@firebase/storage': [ '0.14.2' ],
30 silly audit   '@firebase/storage-compat': [ '0.4.2' ],
30 silly audit   '@firebase/storage-types': [ '0.8.3' ],
30 silly audit   '@firebase/util': [ '1.15.0' ],
30 silly audit   '@firebase/webchannel-wrapper': [ '1.0.5' ],
30 silly audit   '@grpc/grpc-js': [ '1.9.15' ],
30 silly audit   '@grpc/proto-loader': [ '0.7.15' ],
30 silly audit   '@humanfs/core': [ '0.19.1' ],
30 silly audit   '@humanfs/node': [ '0.16.7' ],
30 silly audit   '@humanwhocodes/module-importer': [ '1.0.1' ],
30 silly audit   '@humanwhocodes/retry': [ '0.4.3' ],
30 silly audit   '@isaacs/balanced-match': [ '4.0.1' ],
30 silly audit   '@isaacs/brace-expansion': [ '5.0.1' ],
30 silly audit   '@isaacs/fs-minipass': [ '4.0.1' ],
30 silly audit   '@jridgewell/gen-mapping': [ '0.3.13' ],
30 silly audit   '@jridgewell/remapping': [ '2.3.5' ],
30 silly audit   '@jridgewell/resolve-uri': [ '3.1.2' ],
30 silly audit   '@jridgewell/sourcemap-codec': [ '1.5.5' ],
30 silly audit   '@jridgewell/trace-mapping': [ '0.3.31' ],
30 silly audit   '@mapbox/node-pre-gyp': [ '2.0.3' ],
30 silly audit   semver: [ '7.7.4', '7.5.4', '6.3.1' ],
30 silly audit   '@napi-rs/wasm-runtime': [ '1.1.2' ],
30 silly audit   '@nodelib/fs.scandir': [ '2.1.5' ],
30 silly audit   '@nodelib/fs.stat': [ '2.0.5' ],
30 silly audit   '@nodelib/fs.walk': [ '1.2.8' ],
30 silly audit   '@oxc-project/types': [ '0.110.0' ],
30 silly audit   '@oxc-transform/binding-android-arm-eabi': [ '0.111.0' ],
30 silly audit   '@oxc-transform/binding-android-arm64': [ '0.111.0' ],
30 silly audit   '@oxc-transform/binding-darwin-arm64': [ '0.111.0' ],
30 silly audit   '@oxc-transform/binding-darwin-x64': [ '0.111.0' ],
30 silly audit   '@oxc-transform/binding-freebsd-x64': [ '0.111.0' ],
30 silly audit   '@oxc-transform/binding-linux-arm-gnueabihf': [ '0.111.0' ],
30 silly audit   '@oxc-transform/binding-linux-arm-musleabihf': [ '0.111.0' ],
30 silly audit   '@oxc-transform/binding-linux-arm64-gnu': [ '0.111.0' ],
30 silly audit   '@oxc-transform/binding-linux-arm64-musl': [ '0.111.0' ],
30 silly audit   '@oxc-transform/binding-linux-ppc64-gnu': [ '0.111.0' ],
30 silly audit   '@oxc-transform/binding-linux-riscv64-gnu': [ '0.111.0' ],
30 silly audit   '@oxc-transform/binding-linux-riscv64-musl': [ '0.111.0' ],
30 silly audit   '@oxc-transform/binding-linux-s390x-gnu': [ '0.111.0' ],
30 silly audit   '@oxc-transform/binding-linux-x64-gnu': [ '0.111.0' ],
30 silly audit   '@oxc-transform/binding-linux-x64-musl': [ '0.111.0' ],
30 silly audit   '@oxc-transform/binding-openharmony-arm64': [ '0.111.0' ],
30 silly audit   '@oxc-transform/binding-wasm32-wasi': [ '0.111.0' ],
30 silly audit   '@oxc-transform/binding-win32-arm64-msvc': [ '0.111.0' ],
30 silly audit   '@oxc-transform/binding-win32-ia32-msvc': [ '0.111.0' ],
30 silly audit   '@oxc-transform/binding-win32-x64-msvc': [ '0.111.0' ],
30 silly audit   '@protobufjs/aspromise': [ '1.1.2' ],
30 silly audit   '@protobufjs/base64': [ '1.1.2' ],
30 silly audit   '@protobufjs/codegen': [ '2.0.4' ],
30 silly audit   '@protobufjs/eventemitter': [ '1.1.0' ],
30 silly audit   '@protobufjs/fetch': [ '1.1.0' ],
30 silly audit   '@protobufjs/float': [ '1.0.2' ],
30 silly audit   '@protobufjs/inquire': [ '1.1.0' ],
30 silly audit   '@protobufjs/path': [ '1.1.2' ],
30 silly audit   '@protobufjs/pool': [ '1.1.0' ],
30 silly audit   '@protobufjs/utf8': [ '1.1.0' ],
30 silly audit   '@renovatebot/pep440': [ '4.2.1' ],
30 silly audit   '@rolldown/binding-android-arm64': [ '1.0.0-rc.1' ],
30 silly audit   '@rolldown/binding-darwin-arm64': [ '1.0.0-rc.1' ],
30 silly audit   '@rolldown/binding-darwin-x64': [ '1.0.0-rc.1' ],
30 silly audit   '@rolldown/binding-freebsd-x64': [ '1.0.0-rc.1' ],
30 silly audit   '@rolldown/binding-linux-arm-gnueabihf': [ '1.0.0-rc.1' ],
30 silly audit   '@rolldown/binding-linux-arm64-gnu': [ '1.0.0-rc.1' ],
30 silly audit   '@rolldown/binding-linux-arm64-musl': [ '1.0.0-rc.1' ],
30 silly audit   '@rolldown/binding-linux-x64-gnu': [ '1.0.0-rc.1' ],
30 silly audit   '@rolldown/binding-linux-x64-musl': [ '1.0.0-rc.1' ],
30 silly audit   '@rolldown/binding-openharmony-arm64': [ '1.0.0-rc.1' ],
30 silly audit   '@rolldown/binding-wasm32-wasi': [ '1.0.0-rc.1' ],
30 silly audit   '@rolldown/binding-win32-arm64-msvc': [ '1.0.0-rc.1' ],
30 silly audit   '@rolldown/binding-win32-x64-msvc': [ '1.0.0-rc.1' ],
30 silly audit   '@rolldown/pluginutils': [ '1.0.0-beta.27', '1.0.0-rc.1' ],
30 silly audit   '@rollup/pluginutils': [ '5.3.0' ],
30 silly audit   '@rollup/rollup-android-arm-eabi': [ '4.60.1' ],
30 silly audit   '@rollup/rollup-android-arm64': [ '4.60.1' ],
30 silly audit   '@rollup/rollup-darwin-arm64': [ '4.60.1' ],
30 silly audit   '@rollup/rollup-darwin-x64': [ '4.60.1' ],
30 silly audit   '@rollup/rollup-freebsd-arm64': [ '4.60.1' ],
30 silly audit   '@rollup/rollup-freebsd-x64': [ '4.60.1' ],
30 silly audit   '@rollup/rollup-linux-arm-gnueabihf': [ '4.60.1' ],
30 silly audit   '@rollup/rollup-linux-arm-musleabihf': [ '4.60.1' ],
30 silly audit   '@rollup/rollup-linux-arm64-gnu': [ '4.60.1' ],
30 silly audit   '@rollup/rollup-linux-arm64-musl': [ '4.60.1' ],
30 silly audit   '@rollup/rollup-linux-loong64-gnu': [ '4.60.1' ],
30 silly audit   '@rollup/rollup-linux-loong64-musl': [ '4.60.1' ],
30 silly audit   '@rollup/rollup-linux-ppc64-gnu': [ '4.60.1' ],
30 silly audit   '@rollup/rollup-linux-ppc64-musl': [ '4.60.1' ],
30 silly audit   '@rollup/rollup-linux-riscv64-gnu': [ '4.60.1' ],
30 silly audit   '@rollup/rollup-linux-riscv64-musl': [ '4.60.1' ],
30 silly audit   '@rollup/rollup-linux-s390x-gnu': [ '4.60.1' ],
30 silly audit   '@rollup/rollup-linux-x64-gnu': [ '4.60.1' ],
30 silly audit   '@rollup/rollup-linux-x64-musl': [ '4.60.1' ],
30 silly audit   '@rollup/rollup-openbsd-x64': [ '4.60.1' ],
30 silly audit   '@rollup/rollup-openharmony-arm64': [ '4.60.1' ],
30 silly audit   '@rollup/rollup-win32-arm64-msvc': [ '4.60.1' ],
30 silly audit   '@rollup/rollup-win32-ia32-msvc': [ '4.60.1' ],
30 silly audit   '@rollup/rollup-win32-x64-gnu': [ '4.60.1' ],
30 silly audit   '@rollup/rollup-win32-x64-msvc': [ '4.60.1' ],
30 silly audit   '@sinclair/typebox': [ '0.25.24' ],
30 silly audit   '@tailwindcss/node': [ '4.2.2' ],
30 silly audit   '@tailwindcss/oxide': [ '4.2.2' ],
30 silly audit   '@tailwindcss/oxide-android-arm64': [ '4.2.2' ],
30 silly audit   '@tailwindcss/oxide-darwin-arm64': [ '4.2.2' ],
30 silly audit   '@tailwindcss/oxide-darwin-x64': [ '4.2.2' ],
30 silly audit   '@tailwindcss/oxide-freebsd-x64': [ '4.2.2' ],
30 silly audit   '@tailwindcss/oxide-linux-arm-gnueabihf': [ '4.2.2' ],
30 silly audit   '@tailwindcss/oxide-linux-arm64-gnu': [ '4.2.2' ],
30 silly audit   '@tailwindcss/oxide-linux-arm64-musl': [ '4.2.2' ],
30 silly audit   '@tailwindcss/oxide-linux-x64-gnu': [ '4.2.2' ],
30 silly audit   '@tailwindcss/oxide-linux-x64-musl': [ '4.2.2' ],
30 silly audit   '@tailwindcss/oxide-win32-arm64-msvc': [ '4.2.2' ],
30 silly audit   '@tailwindcss/oxide-win32-x64-msvc': [ '4.2.2' ],
30 silly audit   '@tailwindcss/vite': [ '4.2.2' ],
30 silly audit   '@tootallnate/once': [ '2.0.0' ],
30 silly audit   '@tootallnate/quickjs-emscripten': [ '0.23.0' ],
30 silly audit   '@ts-morph/common': [ '0.11.1' ],
30 silly audit   '@tybys/wasm-util': [ '0.10.1' ],
30 silly audit   '@types/babel__core': [ '7.20.5' ],
30 silly audit   '@types/babel__generator': [ '7.27.0' ],
30 silly audit   '@types/babel__template': [ '7.4.4' ],
30 silly audit   '@types/babel__traverse': [ '7.28.0' ],
30 silly audit   '@types/estree': [ '1.0.8' ],
30 silly audit   '@types/json-schema': [ '7.0.15' ],
30 silly audit   '@types/node': [ '25.5.2', '20.11.0' ],
30 silly audit   '@types/react': [ '19.2.14' ],
30 silly audit   '@types/react-dom': [ '19.2.3' ],
30 silly audit   '@typescript-eslint/eslint-plugin': [ '8.58.0' ],
30 silly audit   ignore: [ '7.0.5', '5.3.2' ],
30 silly audit   '@typescript-eslint/parser': [ '8.58.0' ],
30 silly audit   '@typescript-eslint/project-service': [ '8.58.0' ],
30 silly audit   '@typescript-eslint/scope-manager': [ '8.58.0' ],
30 silly audit   '@typescript-eslint/tsconfig-utils': [ '8.58.0' ],
30 silly audit   '@typescript-eslint/type-utils': [ '8.58.0' ],
30 silly audit   '@typescript-eslint/types': [ '8.58.0' ],
30 silly audit   '@typescript-eslint/typescript-estree': [ '8.58.0' ],
30 silly audit   'balanced-match': [ '4.0.4', '1.0.2' ],
30 silly audit   'brace-expansion': [ '5.0.5', '1.1.13' ],
30 silly audit   minimatch: [ '10.2.5', '10.1.1', '3.1.5' ],
30 silly audit   '@typescript-eslint/utils': [ '8.58.0' ],
30 silly audit   '@typescript-eslint/visitor-keys': [ '8.58.0' ],
30 silly audit   '@vercel/backends': [ '0.0.55' ],
30 silly audit   zod: [ '3.22.4', '4.3.6' ],
30 silly audit   '@vercel/blob': [ '2.3.0' ],
30 silly audit   '@vercel/build-utils': [ '13.12.2' ],
30 silly audit   '@vercel/cervel': [ '0.0.42' ],
30 silly audit   '@vercel/detect-agent': [ '1.2.1' ],
30 silly audit   '@vercel/elysia': [ '0.1.58' ],
30 silly audit   '@vercel/error-utils': [ '2.0.3' ],
30 silly audit   '@vercel/express': [ '0.1.68' ],
30 silly audit   '@vercel/fastify': [ '0.1.61' ],
30 silly audit   '@vercel/fun': [ '1.3.0' ],
30 silly audit   debug: [ '4.3.4', '4.4.3' ],
30 silly audit   ms: [ '2.1.2', '2.1.1', '2.1.3' ],
30 silly audit   'lru-cache': [ '6.0.0', '5.1.1', '11.2.7', '7.18.3' ],
30 silly audit   'path-to-regexp': [ '8.2.0', '6.1.0', '8.3.0', '6.3.0' ],
30 silly audit   yallist: [ '4.0.0', '5.0.0', '3.1.1' ],
30 silly audit   '@vercel/gatsby-plugin-vercel-analytics': [ '1.0.11' ],
30 silly audit   '@vercel/gatsby-plugin-vercel-builder': [ '2.1.8' ],
30 silly audit   '@vercel/go': [ '3.4.7' ],
30 silly audit   '@vercel/h3': [ '0.1.67' ],
30 silly audit   '@vercel/hono': [ '0.2.61' ],
30 silly audit   '@vercel/hydrogen': [ '1.3.6' ],
30 silly audit   '@vercel/koa': [ '0.1.41' ],
30 silly audit   '@vercel/nestjs': [ '0.2.62' ],
30 silly audit   '@vercel/next': [ '4.16.5' ],
30 silly audit   '@vercel/nft': [ '1.5.0' ],
30 silly audit   'resolve-from': [ '5.0.0', '4.0.0' ],
30 silly audit   '@vercel/node': [ '5.7.0' ],
30 silly audit   'async-listen': [ '3.0.0', '1.2.0', '3.0.1' ],
30 silly audit   'es-module-lexer': [ '1.4.1', '1.5.0' ],
30 silly audit   'node-fetch': [ '2.6.9', '2.6.7' ],
30 silly audit   undici: [ '5.28.4', '6.24.1' ],
30 silly audit   'undici-types': [ '5.26.5', '7.18.2' ],
30 silly audit   '@vercel/prepare-flags-definitions': [ '0.2.1' ],
30 silly audit   '@vercel/python': [ '6.29.0' ],
30 silly audit   '@vercel/python-analysis': [ '0.11.0' ],
30 silly audit   'fs-extra': [ '11.1.1', '11.1.0' ],
30 silly audit   '@vercel/redwood': [ '2.4.12' ],
30 silly audit   '@vercel/remix-builder': [ '5.7.2' ],
30 silly audit   '@vercel/ruby': [ '2.3.2' ],
30 silly audit   '@vercel/rust': [ '1.0.6' ],
30 silly audit   execa: [ '5.1.1', '3.2.0' ],
30 silly audit   'get-stream': [ '6.0.1', '5.2.0' ],
30 silly audit   'human-signals': [ '2.1.0', '1.1.1' ],
30 silly audit   'signal-exit': [ '3.0.7', '4.0.2' ],
30 silly audit   '@vercel/static-build': [ '2.9.8' ],
30 silly audit   '@vercel/static-config': [ '3.2.0' ],
30 silly audit   ajv: [ '8.6.3', '6.14.0' ],
30 silly audit   'json-schema-traverse': [ '1.0.0', '0.4.1' ],
30 silly audit   '@vitejs/plugin-react': [ '4.7.0' ],
30 silly audit   abbrev: [ '3.0.1' ],
30 silly audit   acorn: [ '8.16.0' ],
30 silly audit   'acorn-import-attributes': [ '1.9.5' ],
30 silly audit   'acorn-jsx': [ '5.3.2' ],
30 silly audit   'agent-base': [ '7.1.4' ],
30 silly audit   'ansi-regex': [ '5.0.1' ],
30 silly audit   'ansi-styles': [ '4.3.0' ],
30 silly audit   'any-promise': [ '1.3.0' ],
30 silly audit   arg: [ '4.1.0' ],
30 silly audit   argparse: [ '2.0.1' ],
30 silly audit   'array-buffer-byte-length': [ '1.0.2' ],
30 silly audit   'array-includes': [ '3.1.9' ],
30 silly audit   'array.prototype.findlast': [ '1.2.5' ],
30 silly audit   'array.prototype.flat': [ '1.3.3' ],
30 silly audit   'array.prototype.flatmap': [ '1.3.3' ],
30 silly audit   'array.prototype.tosorted': [ '1.1.4' ],
30 silly audit   'arraybuffer.prototype.slice': [ '1.0.4' ],
30 silly audit   'ast-types': [ '0.13.4' ],
30 silly audit   'async-function': [ '1.0.0' ],
30 silly audit   'async-retry': [ '1.3.3' ],
30 silly audit   'async-sema': [ '3.1.1' ],
30 silly audit   asynckit: [ '0.4.0' ],
30 silly audit   'available-typed-arrays': [ '1.0.7' ],
30 silly audit   'baseline-browser-mapping': [ '2.10.15' ],
30 silly audit   'basic-ftp': [ '5.2.0' ],
30 silly audit   bindings: [ '1.5.0' ],
30 silly audit   braces: [ '3.0.3' ],
30 silly audit   browserslist: [ '4.28.2' ],
30 silly audit   'buffer-crc32': [ '0.2.13' ],
30 silly audit   bytes: [ '3.1.0' ],
30 silly audit   'call-bind': [ '1.0.8' ],
30 silly audit   'call-bind-apply-helpers': [ '1.0.2' ],
30 silly audit   'call-bound': [ '1.0.4' ],
30 silly audit   callsites: [ '3.1.0' ],
30 silly audit   'caniuse-lite': [ '1.0.30001785' ],
30 silly audit   'cep-promise': [ '4.4.1' ],
30 silly audit   chalk: [ '4.1.2' ],
30 silly audit   chokidar: [ '4.0.0' ],
30 silly audit   chownr: [ '3.0.0' ],
30 silly audit   'cjs-module-lexer': [ '1.2.3' ],
30 silly audit   cliui: [ '8.0.1' ],
30 silly audit   'code-block-writer': [ '10.1.1' ],
30 silly audit   'color-convert': [ '2.0.1' ],
30 silly audit   'color-name': [ '1.1.4' ],
30 silly audit   'combined-stream': [ '1.0.8' ],
30 silly audit   'concat-map': [ '0.0.1' ],
30 silly audit   consola: [ '3.4.2' ],
30 silly audit   'content-type': [ '1.0.4' ],
30 silly audit   'convert-hrtime': [ '3.0.0' ],
30 silly audit   'convert-source-map': [ '2.0.0' ],
30 silly audit   'cookie-es': [ '2.0.1' ],
30 silly audit   'cross-spawn': [ '7.0.6' ],
30 silly audit   csstype: [ '3.2.3' ],
30 silly audit   'data-uri-to-buffer': [ '6.0.2' ],
30 silly audit   'data-view-buffer': [ '1.0.2' ],
30 silly audit   'data-view-byte-length': [ '1.0.2' ],
30 silly audit   'data-view-byte-offset': [ '1.0.1' ],
30 silly audit   'deep-is': [ '0.1.4' ],
30 silly audit   'define-data-property': [ '1.1.4' ],
30 silly audit   'define-properties': [ '1.2.1' ],
30 silly audit   degenerator: [ '5.0.1' ],
30 silly audit   'delayed-stream': [ '1.0.0' ],
30 silly audit   depd: [ '1.1.2' ],
30 silly audit   'detect-libc': [ '2.1.2' ],
30 silly audit   doctrine: [ '2.1.0' ],
30 silly audit   'dunder-proto': [ '1.0.1' ],
30 silly audit   'edge-runtime': [ '2.5.9' ],
30 silly audit   picocolors: [ '1.0.0', '1.1.1' ],
30 silly audit   'electron-to-chromium': [ '1.5.331' ],
30 silly audit   'emoji-regex': [ '8.0.0' ],
30 silly audit   'end-of-stream': [ '1.4.5', '1.1.0' ],
30 silly audit   'enhanced-resolve': [ '5.20.1' ],
30 silly audit   'es-abstract': [ '1.24.1' ],
30 silly audit   'es-define-property': [ '1.0.1' ],
30 silly audit   'es-errors': [ '1.3.0' ],
30 silly audit   'es-iterator-helpers': [ '1.3.1' ],
30 silly audit   'es-object-atoms': [ '1.1.1' ],
30 silly audit   'es-set-tostringtag': [ '2.1.0' ],
30 silly audit   'es-shim-unscopables': [ '1.1.0' ],
30 silly audit   'es-to-primitive': [ '1.3.0' ],
30 silly audit   esbuild: [ '0.27.0', '0.25.12' ],
30 silly audit   escalade: [ '3.2.0' ],
30 silly audit   'escape-string-regexp': [ '4.0.0' ],
30 silly audit   escodegen: [ '2.1.0' ],
30 silly audit   eslint: [ '9.39.4' ],
30 silly audit   'eslint-plugin-react': [ '7.37.5' ],
30 silly audit   'eslint-plugin-react-hooks': [ '7.0.1' ],
30 silly audit   'eslint-plugin-react-refresh': [ '0.5.2' ],
30 silly audit   'eslint-scope': [ '8.4.0' ],
30 silly audit   espree: [ '10.4.0' ],
30 silly audit   esprima: [ '4.0.1' ],
30 silly audit   esquery: [ '1.7.0' ],
30 silly audit   esrecurse: [ '4.3.0' ],
30 silly audit   estraverse: [ '5.3.0' ],
30 silly audit   'estree-walker': [ '2.0.2' ],
30 silly audit   esutils: [ '2.0.3' ],
30 silly audit   etag: [ '1.8.1' ],
30 silly audit   'events-intercept': [ '2.0.0' ],
30 silly audit   'fast-deep-equal': [ '3.1.3' ],
30 silly audit   'fast-glob': [ '3.3.3' ],
30 silly audit   'glob-parent': [ '5.1.2', '6.0.2' ],
30 silly audit   'fast-json-stable-stringify': [ '2.1.0' ],
30 silly audit   'fast-levenshtein': [ '2.0.6' ],
30 silly audit   fastq: [ '1.20.1' ],
30 silly audit   'faye-websocket': [ '0.11.4' ],
30 silly audit   'fd-slicer': [ '1.1.0' ],
30 silly audit   fdir: [ '6.5.0' ],
30 silly audit   'file-entry-cache': [ '8.0.0' ],
30 silly audit   'file-uri-to-path': [ '1.0.0' ],
30 silly audit   'fill-range': [ '7.1.1' ],
30 silly audit   'find-up': [ '5.0.0' ],
30 silly audit   firebase: [ '12.11.0' ],
30 silly audit   'flat-cache': [ '4.0.1' ],
30 silly audit   flatted: [ '3.4.2' ],
30 silly audit   'for-each': [ '0.3.5' ],
30 silly audit   'form-data': [ '4.0.5' ],
30 silly audit   fsevents: [ '2.3.3' ],
30 silly audit   'function-bind': [ '1.1.2' ],
30 silly audit   'function.prototype.name': [ '1.1.8' ],
30 silly audit   'functions-have-names': [ '1.2.3' ],
30 silly audit   'generator-function': [ '2.0.1' ],
30 silly audit   'generic-pool': [ '3.4.2' ],
30 silly audit   gensync: [ '1.0.0-beta.2' ],
30 silly audit   'get-caller-file': [ '2.0.5' ],
30 silly audit   'get-intrinsic': [ '1.3.0' ],
30 silly audit   'get-proto': [ '1.0.1' ],
30 silly audit   'get-symbol-description': [ '1.1.0' ],
30 silly audit   'get-tsconfig': [ '4.13.7' ],
30 silly audit   'get-uri': [ '6.0.5' ],
30 silly audit   glob: [ '13.0.6' ],
30 silly audit   globalthis: [ '1.0.4' ],
30 silly audit   gopd: [ '1.2.0' ],
30 silly audit   'graceful-fs': [ '4.2.11' ],
30 silly audit   'has-bigints': [ '1.1.0' ],
30 silly audit   'has-flag': [ '4.0.0' ],
30 silly audit   'has-property-descriptors': [ '1.0.2' ],
30 silly audit   'has-proto': [ '1.2.0' ],
30 silly audit   'has-symbols': [ '1.1.0' ],
30 silly audit   'has-tostringtag': [ '1.0.2' ],
30 silly audit   hasown: [ '2.0.2' ],
30 silly audit   'hermes-estree': [ '0.25.1' ],
30 silly audit   'hermes-parser': [ '0.25.1' ],
30 silly audit   'http-errors': [ '1.7.3' ],
30 silly audit   'http-parser-js': [ '0.5.10' ],
30 silly audit   'http-proxy-agent': [ '7.0.2' ],
30 silly audit   'https-proxy-agent': [ '7.0.6' ],
30 silly audit   'iconv-lite': [ '0.4.24' ],
30 silly audit   idb: [ '7.1.1' ],
30 silly audit   'import-fresh': [ '3.3.1' ],
30 silly audit   imurmurhash: [ '0.1.4' ],
30 silly audit   inherits: [ '2.0.4' ],
30 silly audit   'internal-slot': [ '1.1.0' ],
30 silly audit   'ip-address': [ '10.1.0' ],
30 silly audit   'is-array-buffer': [ '3.0.5' ],
30 silly audit   'is-async-function': [ '2.1.1' ],
30 silly audit   'is-bigint': [ '1.1.0' ],
30 silly audit   'is-boolean-object': [ '1.2.2' ],
30 silly audit   'is-buffer': [ '2.0.5' ],
30 silly audit   'is-callable': [ '1.2.7' ],
30 silly audit   'is-core-module': [ '2.16.1' ],
30 silly audit   'is-data-view': [ '1.0.2' ],
30 silly audit   'is-date-object': [ '1.1.0' ],
30 silly audit   'is-extglob': [ '2.1.1' ],
30 silly audit   'is-finalizationregistry': [ '1.1.1' ],
30 silly audit   'is-fullwidth-code-point': [ '3.0.0' ],
30 silly audit   'is-generator-function': [ '1.1.2' ],
30 silly audit   'is-glob': [ '4.0.3' ],
30 silly audit   'is-map': [ '2.0.3' ],
30 silly audit   'is-negative-zero': [ '2.0.3' ],
30 silly audit   'is-node-process': [ '1.2.0' ],
30 silly audit   'is-number': [ '7.0.0' ],
30 silly audit   'is-number-object': [ '1.1.1' ],
30 silly audit   'is-regex': [ '1.2.1' ],
30 silly audit   'is-set': [ '2.0.3' ],
30 silly audit   'is-shared-array-buffer': [ '1.0.4' ],
30 silly audit   'is-stream': [ '2.0.1' ],
30 silly audit   'is-string': [ '1.1.1' ],
30 silly audit   'is-symbol': [ '1.1.1' ],
30 silly audit   'is-typed-array': [ '1.1.15' ],
30 silly audit   'is-weakmap': [ '2.0.2' ],
30 silly audit   'is-weakref': [ '1.1.1' ],
30 silly audit   'is-weakset': [ '2.0.4' ],
30 silly audit   isarray: [ '2.0.5' ],
30 silly audit   isexe: [ '2.0.0' ],
30 silly audit   'iterator.prototype': [ '1.1.5' ],
30 silly audit   jiti: [ '2.6.1' ],
30 silly audit   jose: [ '5.9.6' ],
30 silly audit   'js-tokens': [ '4.0.0' ],
30 silly audit   'js-yaml': [ '4.1.1' ],
30 silly audit   jsesc: [ '3.1.0' ],
30 silly audit   'json-buffer': [ '3.0.1' ],
30 silly audit   'json-schema-to-ts': [ '1.6.4' ],
30 silly audit   'json-stable-stringify-without-jsonify': [ '1.0.1' ],
30 silly audit   json5: [ '2.2.3' ],
30 silly audit   jsonfile: [ '6.2.0' ],
30 silly audit   'jsx-ast-utils': [ '3.3.5' ],
30 silly audit   keyv: [ '4.5.4' ],
30 silly audit   levn: [ '0.4.1' ],
30 silly audit   lightningcss: [ '1.32.0' ],
30 silly audit   'lightningcss-android-arm64': [ '1.32.0' ],
30 silly audit   'lightningcss-darwin-arm64': [ '1.32.0' ],
30 silly audit   'lightningcss-darwin-x64': [ '1.32.0' ],
30 silly audit   'lightningcss-freebsd-x64': [ '1.32.0' ],
30 silly audit   'lightningcss-linux-arm-gnueabihf': [ '1.32.0' ],
30 silly audit   'lightningcss-linux-arm64-gnu': [ '1.32.0' ],
30 silly audit   'lightningcss-linux-arm64-musl': [ '1.32.0' ],
30 silly audit   'lightningcss-linux-x64-gnu': [ '1.32.0' ],
30 silly audit   'lightningcss-linux-x64-musl': [ '1.32.0' ],
30 silly audit   'lightningcss-win32-arm64-msvc': [ '1.32.0' ],
30 silly audit   'lightningcss-win32-x64-msvc': [ '1.32.0' ],
30 silly audit   'locate-path': [ '6.0.0' ],
30 silly audit   'lodash.camelcase': [ '4.3.0' ],
30 silly audit   'lodash.merge': [ '4.6.2' ],
30 silly audit   long: [ '5.3.2' ],
30 silly audit   'loose-envify': [ '1.4.0' ],
30 silly audit   'lucide-react': [ '1.7.0' ],
30 silly audit   luxon: [ '3.7.2' ],
30 silly audit   'magic-string': [ '0.30.21' ],
30 silly audit   'math-intrinsics': [ '1.1.0' ],
30 silly audit   'merge-stream': [ '2.0.0' ],
30 silly audit   merge2: [ '1.4.1' ],
30 silly audit   micro: [ '9.3.5-canary.3' ],
30 silly audit   micromatch: [ '4.0.8' ],
30 silly audit   picomatch: [ '2.3.2', '4.0.4' ],
30 silly audit   'mime-db': [ '1.52.0' ],
30 silly audit   'mime-types': [ '2.1.35' ],
30 silly audit   'mimic-fn': [ '2.1.0' ],
30 silly audit   minipass: [ '7.1.3' ],
30 silly audit   minizlib: [ '3.1.0' ],
30 silly audit   mkdirp: [ '1.0.4' ],
30 silly audit   mri: [ '1.2.0' ],
30 silly audit   nanoid: [ '3.3.11' ],
30 silly audit   'natural-compare': [ '1.4.0' ],
30 silly audit   netmask: [ '2.0.2' ],
30 silly audit   'node-exports-info': [ '1.6.0' ],
30 silly audit   'node-gyp-build': [ '4.8.4' ],
30 silly audit   'node-releases': [ '2.0.37' ],
30 silly audit   nopt: [ '8.1.0' ],
30 silly audit   'npm-run-path': [ '4.0.1' ],
30 silly audit   'object-assign': [ '4.1.1' ],
30 silly audit   'object-inspect': [ '1.13.4' ],
30 silly audit   'object-keys': [ '1.1.1' ],
30 silly audit   'object.assign': [ '4.1.7' ],
30 silly audit   'object.entries': [ '1.1.9' ],
30 silly audit   'object.fromentries': [ '2.0.8' ],
30 silly audit   'object.values': [ '1.2.1' ],
30 silly audit   once: [ '1.4.0', '1.3.3' ],
30 silly audit   onetime: [ '5.1.2' ],
30 silly audit   optionator: [ '0.9.4' ],
30 silly audit   'os-paths': [ '4.4.0' ],
30 silly audit   'own-keys': [ '1.0.1' ],
30 silly audit   'oxc-transform': [ '0.111.0' ],
30 silly audit   'p-finally': [ '2.0.1' ],
30 silly audit   'p-limit': [ '3.1.0' ],
30 silly audit   'p-locate': [ '5.0.0' ],
30 silly audit   'pac-proxy-agent': [ '7.2.0' ],
30 silly audit   'pac-resolver': [ '7.0.1' ],
30 silly audit   'parent-module': [ '1.0.1' ],
30 silly audit   'parse-ms': [ '2.1.0' ],
30 silly audit   'path-browserify': [ '1.0.1' ],
30 silly audit   'path-exists': [ '4.0.0' ],
30 silly audit   'path-key': [ '3.1.1' ],
30 silly audit   'path-parse': [ '1.0.7' ],
30 silly audit   'path-scurry': [ '2.0.2' ],
30 silly audit   pend: [ '1.2.0' ],
30 silly audit   'possible-typed-array-names': [ '1.1.0' ],
30 silly audit   postcss: [ '8.5.8' ],
30 silly audit   'prelude-ls': [ '1.2.1' ],
30 silly audit   'pretty-ms': [ '7.0.1' ],
30 silly audit   promisepipe: [ '3.0.0' ],
30 silly audit   'prop-types': [ '15.8.1' ],
30 silly audit   protobufjs: [ '7.5.4' ],
30 silly audit   'proxy-agent': [ '6.4.0' ],
30 silly audit   'proxy-from-env': [ '1.1.0' ],
30 silly audit   pump: [ '3.0.4' ],
30 silly audit   punycode: [ '2.3.1' ],
30 silly audit   'queue-microtask': [ '1.2.3' ],
30 silly audit   'raw-body': [ '2.4.1' ],
30 silly audit   react: [ '19.2.4' ],
30 silly audit   'react-dom': [ '19.2.4' ],
30 silly audit   'react-is': [ '16.13.1' ],
30 silly audit   'react-refresh': [ '0.17.0' ],
30 silly audit   readdirp: [ '4.1.2' ],
30 silly audit   'reflect.getprototypeof': [ '1.0.10' ],
30 silly audit   'regexp.prototype.flags': [ '1.5.4' ],
30 silly audit   'require-directory': [ '2.1.1' ],
30 silly audit   'require-from-string': [ '2.0.2' ],
30 silly audit   resolve: [ '2.0.0-next.6' ],
30 silly audit   'resolve-pkg-maps': [ '1.0.0' ],
30 silly audit   'resolve.exports': [ '2.0.3' ],
30 silly audit   retry: [ '0.13.1' ],
30 silly audit   reusify: [ '1.1.0' ],
30 silly audit   rolldown: [ '1.0.0-rc.1' ],
30 silly audit   rollup: [ '4.60.1' ],
30 silly audit   'run-parallel': [ '1.2.0' ],
30 silly audit   'safe-array-concat': [ '1.1.3' ],
30 silly audit   'safe-buffer': [ '5.2.1' ],
30 silly audit   'safe-push-apply': [ '1.0.0' ],
30 silly audit   'safe-regex-test': [ '1.1.0' ],
30 silly audit   'safer-buffer': [ '2.1.2' ],
30 silly audit   scheduler: [ '0.27.0' ],
30 silly audit   'set-function-length': [ '1.2.2' ],
30 silly audit   'set-function-name': [ '2.0.2' ],
30 silly audit   'set-proto': [ '1.0.0' ],
30 silly audit   setprototypeof: [ '1.1.1' ],
30 silly audit   'shebang-command': [ '2.0.0' ],
30 silly audit   'shebang-regex': [ '3.0.0' ],
30 silly audit   'side-channel': [ '1.1.0' ],
30 silly audit   'side-channel-list': [ '1.0.0' ],
30 silly audit   'side-channel-map': [ '1.0.1' ],
30 silly audit   'side-channel-weakmap': [ '1.0.2' ],
30 silly audit   'smart-buffer': [ '4.2.0' ],
30 silly audit   'smol-toml': [ '1.5.2' ],
30 silly audit   socks: [ '2.8.7' ],
30 silly audit   'socks-proxy-agent': [ '8.0.5' ],
30 silly audit   'source-map': [ '0.6.1' ],
30 silly audit   'source-map-js': [ '1.2.1' ],
30 silly audit   srvx: [ '0.8.9' ],
30 silly audit   'stat-mode': [ '0.3.0' ],
30 silly audit   statuses: [ '1.5.0' ],
30 silly audit   'stop-iteration-iterator': [ '1.1.0' ],
30 silly audit   'stream-to-array': [ '2.3.0' ],
30 silly audit   'stream-to-promise': [ '2.2.0' ],
30 silly audit   'string-width': [ '4.2.3' ],
30 silly audit   'string.prototype.matchall': [ '4.0.12' ],
30 silly audit   'string.prototype.repeat': [ '1.0.0' ],
30 silly audit   'string.prototype.trim': [ '1.2.10' ],
30 silly audit   'string.prototype.trimend': [ '1.0.9' ],
30 silly audit   'string.prototype.trimstart': [ '1.0.8' ],
30 silly audit   'strip-ansi': [ '6.0.1' ],
30 silly audit   'strip-final-newline': [ '2.0.0' ],
30 silly audit   'strip-json-comments': [ '3.1.1' ],
30 silly audit   'supports-color': [ '7.2.0' ],
30 silly audit   'supports-preserve-symlinks-flag': [ '1.0.0' ],
30 silly audit   tailwindcss: [ '4.2.2' ],
30 silly audit   tapable: [ '2.3.2' ],
30 silly audit   tar: [ '7.5.7' ],
30 silly audit   throttleit: [ '2.1.0' ],
30 silly audit   'time-span': [ '4.0.0' ],
30 silly audit   tinyexec: [ '0.3.2' ],
30 silly audit   tinyglobby: [ '0.2.15' ],
30 silly audit   'to-regex-range': [ '5.0.1' ],
30 silly audit   toidentifier: [ '1.0.0' ],
30 silly audit   tr46: [ '0.0.3' ],
30 silly audit   'tree-kill': [ '1.2.2' ],
30 silly audit   'ts-api-utils': [ '2.5.0' ],
30 silly audit   'ts-morph': [ '12.0.0' ],
30 silly audit   'ts-toolbelt': [ '6.15.5' ],
30 silly audit   tslib: [ '2.8.1' ],
30 silly audit   tsx: [ '4.21.0' ],
30 silly audit   'type-check': [ '0.4.0' ],
30 silly audit   'typed-array-buffer': [ '1.0.3' ],
30 silly audit   'typed-array-byte-length': [ '1.0.3' ],
30 silly audit   'typed-array-byte-offset': [ '1.0.4' ],
30 silly audit   'typed-array-length': [ '1.0.7' ],
30 silly audit   typescript: [ '5.9.3' ],
30 silly audit   'typescript-eslint': [ '8.58.0' ],
30 silly audit   'uid-promise': [ '1.0.0' ],
30 silly audit   'unbox-primitive': [ '1.1.0' ],
30 silly audit   unfetch: [ '4.1.0' ],
30 silly audit   universalify: [ '2.0.1' ],
30 silly audit   unpipe: [ '1.0.0' ],
30 silly audit   'update-browserslist-db': [ '1.2.3' ],
30 silly audit   'uri-js': [ '4.4.1' ],
30 silly audit   vercel: [ '50.39.0' ],
30 silly audit   vite: [ '6.4.1' ],
30 silly audit   'webidl-conversions': [ '3.0.1' ],
30 silly audit   'websocket-driver': [ '0.7.4' ],
30 silly audit   'websocket-extensions': [ '0.1.4' ],
30 silly audit   'whatwg-url': [ '5.0.0' ],
30 silly audit   which: [ '2.0.2' ],
30 silly audit   'which-boxed-primitive': [ '1.1.1' ],
30 silly audit   'which-builtin-type': [ '1.2.1' ],
30 silly audit   'which-collection': [ '1.0.2' ],
30 silly audit   'which-typed-array': [ '1.1.20' ],
30 silly audit   'word-wrap': [ '1.2.5' ],
30 silly audit   'wrap-ansi': [ '7.0.0' ],
30 silly audit   wrappy: [ '1.0.2' ],
30 silly audit   'xdg-app-paths': [ '5.1.0' ],
30 silly audit   'xdg-portable': [ '7.3.0' ],
30 silly audit   y18n: [ '5.0.8' ],
30 silly audit   yargs: [ '17.7.2' ],
30 silly audit   'yargs-parser': [ '21.1.1' ],
30 silly audit   yauzl: [ '2.10.0' ],
30 silly audit   'yauzl-clone': [ '1.0.4' ],
30 silly audit   'yauzl-promise': [ '2.1.3' ],
30 silly audit   'yocto-queue': [ '0.1.0' ],
30 silly audit   'zod-validation-error': [ '4.0.2' ],
30 silly audit   'react-icons': [ '5.6.0' ],
30 silly audit   '@tailwindcss/oxide-wasm32-wasi': [ '4.2.2' ]
30 silly audit }
31 verbose reify failed optional dependency D:\react-js\Vocal\node_modules\lightningcss-win32-arm64-msvc
32 silly reify mark deleted [ 'D:\\react-js\\Vocal\\node_modules\\lightningcss-win32-arm64-msvc' ]
33 verbose reify failed optional dependency D:\react-js\Vocal\node_modules\lightningcss-linux-x64-musl
34 silly reify mark deleted [ 'D:\\react-js\\Vocal\\node_modules\\lightningcss-linux-x64-musl' ]
35 verbose reify failed optional dependency D:\react-js\Vocal\node_modules\lightningcss-linux-x64-gnu
36 silly reify mark deleted [ 'D:\\react-js\\Vocal\\node_modules\\lightningcss-linux-x64-gnu' ]
37 verbose reify failed optional dependency D:\react-js\Vocal\node_modules\lightningcss-linux-arm64-musl
38 silly reify mark deleted [ 'D:\\react-js\\Vocal\\node_modules\\lightningcss-linux-arm64-musl' ]
39 verbose reify failed optional dependency D:\react-js\Vocal\node_modules\lightningcss-linux-arm64-gnu
40 silly reify mark deleted [ 'D:\\react-js\\Vocal\\node_modules\\lightningcss-linux-arm64-gnu' ]
41 verbose reify failed optional dependency D:\react-js\Vocal\node_modules\lightningcss-linux-arm-gnueabihf
42 silly reify mark deleted [
42 silly reify   'D:\\react-js\\Vocal\\node_modules\\lightningcss-linux-arm-gnueabihf'
42 silly reify ]
43 verbose reify failed optional dependency D:\react-js\Vocal\node_modules\lightningcss-freebsd-x64
44 silly reify mark deleted [ 'D:\\react-js\\Vocal\\node_modules\\lightningcss-freebsd-x64' ]
45 verbose reify failed optional dependency D:\react-js\Vocal\node_modules\lightningcss-darwin-x64
46 silly reify mark deleted [ 'D:\\react-js\\Vocal\\node_modules\\lightningcss-darwin-x64' ]
47 verbose reify failed optional dependency D:\react-js\Vocal\node_modules\lightningcss-darwin-arm64
48 silly reify mark deleted [ 'D:\\react-js\\Vocal\\node_modules\\lightningcss-darwin-arm64' ]
49 verbose reify failed optional dependency D:\react-js\Vocal\node_modules\lightningcss-android-arm64
50 silly reify mark deleted [ 'D:\\react-js\\Vocal\\node_modules\\lightningcss-android-arm64' ]
51 verbose reify failed optional dependency D:\react-js\Vocal\node_modules\fsevents
52 silly reify mark deleted [ 'D:\\react-js\\Vocal\\node_modules\\fsevents' ]
53 verbose reify failed optional dependency D:\react-js\Vocal\node_modules\@tailwindcss\oxide-win32-arm64-msvc
54 silly reify mark deleted [
54 silly reify   'D:\\react-js\\Vocal\\node_modules\\@tailwindcss\\oxide-win32-arm64-msvc'
54 silly reify ]
55 verbose reify failed optional dependency D:\react-js\Vocal\node_modules\@tailwindcss\oxide-linux-x64-musl
56 silly reify mark deleted [
56 silly reify   'D:\\react-js\\Vocal\\node_modules\\@tailwindcss\\oxide-linux-x64-musl'
56 silly reify ]
57 verbose reify failed optional dependency D:\react-js\Vocal\node_modules\@tailwindcss\oxide-linux-x64-gnu
58 silly reify mark deleted [
58 silly reify   'D:\\react-js\\Vocal\\node_modules\\@tailwindcss\\oxide-linux-x64-gnu'
58 silly reify ]
59 verbose reify failed optional dependency D:\react-js\Vocal\node_modules\@tailwindcss\oxide-linux-arm64-musl
60 silly reify mark deleted [
60 silly reify   'D:\\react-js\\Vocal\\node_modules\\@tailwindcss\\oxide-linux-arm64-musl'
60 silly reify ]
61 verbose reify failed optional dependency D:\react-js\Vocal\node_modules\@tailwindcss\oxide-linux-arm64-gnu
62 silly reify mark deleted [
62 silly reify   'D:\\react-js\\Vocal\\node_modules\\@tailwindcss\\oxide-linux-arm64-gnu'
62 silly reify ]
63 verbose reify failed optional dependency D:\react-js\Vocal\node_modules\@tailwindcss\oxide-linux-arm-gnueabihf
64 silly reify mark deleted [
64 silly reify   'D:\\react-js\\Vocal\\node_modules\\@tailwindcss\\oxide-linux-arm-gnueabihf'
64 silly reify ]
65 verbose reify failed optional dependency D:\react-js\Vocal\node_modules\@tailwindcss\oxide-freebsd-x64
66 silly reify mark deleted [
66 silly reify   'D:\\react-js\\Vocal\\node_modules\\@tailwindcss\\oxide-freebsd-x64'
66 silly reify ]
67 verbose reify failed optional dependency D:\react-js\Vocal\node_modules\@tailwindcss\oxide-darwin-x64
68 silly reify mark deleted [ 'D:\\react-js\\Vocal\\node_modules\\@tailwindcss\\oxide-darwin-x64' ]
69 verbose reify failed optional dependency D:\react-js\Vocal\node_modules\@tailwindcss\oxide-darwin-arm64
70 silly reify mark deleted [
70 silly reify   'D:\\react-js\\Vocal\\node_modules\\@tailwindcss\\oxide-darwin-arm64'
70 silly reify ]
71 verbose reify failed optional dependency D:\react-js\Vocal\node_modules\@tailwindcss\oxide-android-arm64
72 silly reify mark deleted [
72 silly reify   'D:\\react-js\\Vocal\\node_modules\\@tailwindcss\\oxide-android-arm64'
72 silly reify ]
73 verbose reify failed optional dependency D:\react-js\Vocal\node_modules\@rollup\rollup-win32-ia32-msvc
74 silly reify mark deleted [
74 silly reify   'D:\\react-js\\Vocal\\node_modules\\@rollup\\rollup-win32-ia32-msvc'
74 silly reify ]
75 verbose reify failed optional dependency D:\react-js\Vocal\node_modules\@rollup\rollup-win32-arm64-msvc
76 silly reify mark deleted [
76 silly reify   'D:\\react-js\\Vocal\\node_modules\\@rollup\\rollup-win32-arm64-msvc'
76 silly reify ]
77 verbose reify failed optional dependency D:\react-js\Vocal\node_modules\@rollup\rollup-openharmony-arm64
78 silly reify mark deleted [
78 silly reify   'D:\\react-js\\Vocal\\node_modules\\@rollup\\rollup-openharmony-arm64'
78 silly reify ]
79 verbose reify failed optional dependency D:\react-js\Vocal\node_modules\@rollup\rollup-openbsd-x64
80 silly reify mark deleted [ 'D:\\react-js\\Vocal\\node_modules\\@rollup\\rollup-openbsd-x64' ]
81 verbose reify failed optional dependency D:\react-js\Vocal\node_modules\@rollup\rollup-linux-x64-musl
82 silly reify mark deleted [ 'D:\\react-js\\Vocal\\node_modules\\@rollup\\rollup-linux-x64-musl' ]
83 verbose reify failed optional dependency D:\react-js\Vocal\node_modules\@rollup\rollup-linux-x64-gnu
84 silly reify mark deleted [ 'D:\\react-js\\Vocal\\node_modules\\@rollup\\rollup-linux-x64-gnu' ]
85 verbose reify failed optional dependency D:\react-js\Vocal\node_modules\@rollup\rollup-linux-s390x-gnu
86 silly reify mark deleted [
86 silly reify   'D:\\react-js\\Vocal\\node_modules\\@rollup\\rollup-linux-s390x-gnu'
86 silly reify ]
87 verbose reify failed optional dependency D:\react-js\Vocal\node_modules\@rollup\rollup-linux-riscv64-musl
88 silly reify mark deleted [
88 silly reify   'D:\\react-js\\Vocal\\node_modules\\@rollup\\rollup-linux-riscv64-musl'
88 silly reify ]
89 verbose reify failed optional dependency D:\react-js\Vocal\node_modules\@rollup\rollup-linux-riscv64-gnu
90 silly reify mark deleted [
90 silly reify   'D:\\react-js\\Vocal\\node_modules\\@rollup\\rollup-linux-riscv64-gnu'
90 silly reify ]
91 verbose reify failed optional dependency D:\react-js\Vocal\node_modules\@rollup\rollup-linux-ppc64-musl
92 silly reify mark deleted [
92 silly reify   'D:\\react-js\\Vocal\\node_modules\\@rollup\\rollup-linux-ppc64-musl'
92 silly reify ]
93 verbose reify failed optional dependency D:\react-js\Vocal\node_modules\@rollup\rollup-linux-ppc64-gnu
94 silly reify mark deleted [
94 silly reify   'D:\\react-js\\Vocal\\node_modules\\@rollup\\rollup-linux-ppc64-gnu'
94 silly reify ]
95 verbose reify failed optional dependency D:\react-js\Vocal\node_modules\@rollup\rollup-linux-loong64-musl
96 silly reify mark deleted [
96 silly reify   'D:\\react-js\\Vocal\\node_modules\\@rollup\\rollup-linux-loong64-musl'
96 silly reify ]
97 verbose reify failed optional dependency D:\react-js\Vocal\node_modules\@rollup\rollup-linux-loong64-gnu
98 silly reify mark deleted [
98 silly reify   'D:\\react-js\\Vocal\\node_modules\\@rollup\\rollup-linux-loong64-gnu'
98 silly reify ]
99 verbose reify failed optional dependency D:\react-js\Vocal\node_modules\@rollup\rollup-linux-arm64-musl
100 silly reify mark deleted [
100 silly reify   'D:\\react-js\\Vocal\\node_modules\\@rollup\\rollup-linux-arm64-musl'
100 silly reify ]
101 verbose reify failed optional dependency D:\react-js\Vocal\node_modules\@rollup\rollup-linux-arm64-gnu
102 silly reify mark deleted [
102 silly reify   'D:\\react-js\\Vocal\\node_modules\\@rollup\\rollup-linux-arm64-gnu'
102 silly reify ]
103 verbose reify failed optional dependency D:\react-js\Vocal\node_modules\@rollup\rollup-linux-arm-musleabihf
104 silly reify mark deleted [
104 silly reify   'D:\\react-js\\Vocal\\node_modules\\@rollup\\rollup-linux-arm-musleabihf'
104 silly reify ]
105 verbose reify failed optional dependency D:\react-js\Vocal\node_modules\@rollup\rollup-linux-arm-gnueabihf
106 silly reify mark deleted [
106 silly reify   'D:\\react-js\\Vocal\\node_modules\\@rollup\\rollup-linux-arm-gnueabihf'
106 silly reify ]
107 verbose reify failed optional dependency D:\react-js\Vocal\node_modules\@rollup\rollup-freebsd-x64
108 silly reify mark deleted [ 'D:\\react-js\\Vocal\\node_modules\\@rollup\\rollup-freebsd-x64' ]
109 verbose reify failed optional dependency D:\react-js\Vocal\node_modules\@rollup\rollup-freebsd-arm64
110 silly reify mark deleted [ 'D:\\react-js\\Vocal\\node_modules\\@rollup\\rollup-freebsd-arm64' ]
111 verbose reify failed optional dependency D:\react-js\Vocal\node_modules\@rollup\rollup-darwin-x64
112 silly reify mark deleted [ 'D:\\react-js\\Vocal\\node_modules\\@rollup\\rollup-darwin-x64' ]
113 verbose reify failed optional dependency D:\react-js\Vocal\node_modules\@rollup\rollup-darwin-arm64
114 silly reify mark deleted [ 'D:\\react-js\\Vocal\\node_modules\\@rollup\\rollup-darwin-arm64' ]
115 verbose reify failed optional dependency D:\react-js\Vocal\node_modules\@rollup\rollup-android-arm64
116 silly reify mark deleted [ 'D:\\react-js\\Vocal\\node_modules\\@rollup\\rollup-android-arm64' ]
117 verbose reify failed optional dependency D:\react-js\Vocal\node_modules\@rollup\rollup-android-arm-eabi
118 silly reify mark deleted [
118 silly reify   'D:\\react-js\\Vocal\\node_modules\\@rollup\\rollup-android-arm-eabi'
118 silly reify ]
119 verbose reify failed optional dependency D:\react-js\Vocal\node_modules\@rolldown\binding-win32-x64-msvc
120 silly reify mark deleted [
120 silly reify   'D:\\react-js\\Vocal\\node_modules\\@rolldown\\binding-win32-x64-msvc'
120 silly reify ]
121 verbose reify failed optional dependency D:\react-js\Vocal\node_modules\@rolldown\binding-win32-arm64-msvc
122 silly reify mark deleted [
122 silly reify   'D:\\react-js\\Vocal\\node_modules\\@rolldown\\binding-win32-arm64-msvc'
122 silly reify ]
123 verbose reify failed optional dependency D:\react-js\Vocal\node_modules\@rolldown\binding-wasm32-wasi
124 silly reify mark deleted [ 'D:\\react-js\\Vocal\\node_modules\\@rolldown\\binding-wasm32-wasi' ]
125 verbose reify failed optional dependency D:\react-js\Vocal\node_modules\@rolldown\binding-openharmony-arm64
126 silly reify mark deleted [
126 silly reify   'D:\\react-js\\Vocal\\node_modules\\@rolldown\\binding-openharmony-arm64'
126 silly reify ]
127 verbose reify failed optional dependency D:\react-js\Vocal\node_modules\@rolldown\binding-linux-x64-musl
128 silly reify mark deleted [
128 silly reify   'D:\\react-js\\Vocal\\node_modules\\@rolldown\\binding-linux-x64-musl'
128 silly reify ]
129 verbose reify failed optional dependency D:\react-js\Vocal\node_modules\@rolldown\binding-linux-x64-gnu
130 silly reify mark deleted [
130 silly reify   'D:\\react-js\\Vocal\\node_modules\\@rolldown\\binding-linux-x64-gnu'
130 silly reify ]
131 verbose reify failed optional dependency D:\react-js\Vocal\node_modules\@rolldown\binding-linux-arm64-musl
132 silly reify mark deleted [
132 silly reify   'D:\\react-js\\Vocal\\node_modules\\@rolldown\\binding-linux-arm64-musl'
132 silly reify ]
133 verbose reify failed optional dependency D:\react-js\Vocal\node_modules\@rolldown\binding-linux-arm64-gnu
134 silly reify mark deleted [
134 silly reify   'D:\\react-js\\Vocal\\node_modules\\@rolldown\\binding-linux-arm64-gnu'
134 silly reify ]
135 verbose reify failed optional dependency D:\react-js\Vocal\node_modules\@rolldown\binding-linux-arm-gnueabihf
136 silly reify mark deleted [
136 silly reify   'D:\\react-js\\Vocal\\node_modules\\@rolldown\\binding-linux-arm-gnueabihf'
136 silly reify ]
137 verbose reify failed optional dependency D:\react-js\Vocal\node_modules\@rolldown\binding-freebsd-x64
138 silly reify mark deleted [ 'D:\\react-js\\Vocal\\node_modules\\@rolldown\\binding-freebsd-x64' ]
139 verbose reify failed optional dependency D:\react-js\Vocal\node_modules\@rolldown\binding-darwin-x64
140 silly reify mark deleted [ 'D:\\react-js\\Vocal\\node_modules\\@rolldown\\binding-darwin-x64' ]
141 verbose reify failed optional dependency D:\react-js\Vocal\node_modules\@rolldown\binding-darwin-arm64
142 silly reify mark deleted [
142 silly reify   'D:\\react-js\\Vocal\\node_modules\\@rolldown\\binding-darwin-arm64'
142 silly reify ]
143 verbose reify failed optional dependency D:\react-js\Vocal\node_modules\@rolldown\binding-android-arm64
144 silly reify mark deleted [
144 silly reify   'D:\\react-js\\Vocal\\node_modules\\@rolldown\\binding-android-arm64'
144 silly reify ]
145 verbose reify failed optional dependency D:\react-js\Vocal\node_modules\@oxc-transform\binding-win32-x64-msvc
146 silly reify mark deleted [
146 silly reify   'D:\\react-js\\Vocal\\node_modules\\@oxc-transform\\binding-win32-x64-msvc'
146 silly reify ]
147 verbose reify failed optional dependency D:\react-js\Vocal\node_modules\@oxc-transform\binding-win32-ia32-msvc
148 silly reify mark deleted [
148 silly reify   'D:\\react-js\\Vocal\\node_modules\\@oxc-transform\\binding-win32-ia32-msvc'
148 silly reify ]
149 verbose reify failed optional dependency D:\react-js\Vocal\node_modules\@oxc-transform\binding-win32-arm64-msvc
150 silly reify mark deleted [
150 silly reify   'D:\\react-js\\Vocal\\node_modules\\@oxc-transform\\binding-win32-arm64-msvc'
150 silly reify ]
151 verbose reify failed optional dependency D:\react-js\Vocal\node_modules\@oxc-transform\binding-wasm32-wasi
152 silly reify mark deleted [
152 silly reify   'D:\\react-js\\Vocal\\node_modules\\@oxc-transform\\binding-wasm32-wasi'
152 silly reify ]
153 verbose reify failed optional dependency D:\react-js\Vocal\node_modules\@oxc-transform\binding-openharmony-arm64
154 silly reify mark deleted [
154 silly reify   'D:\\react-js\\Vocal\\node_modules\\@oxc-transform\\binding-openharmony-arm64'
154 silly reify ]
155 verbose reify failed optional dependency D:\react-js\Vocal\node_modules\@oxc-transform\binding-linux-x64-musl
156 silly reify mark deleted [
156 silly reify   'D:\\react-js\\Vocal\\node_modules\\@oxc-transform\\binding-linux-x64-musl'
156 silly reify ]
157 verbose reify failed optional dependency D:\react-js\Vocal\node_modules\@oxc-transform\binding-linux-x64-gnu
158 silly reify mark deleted [
158 silly reify   'D:\\react-js\\Vocal\\node_modules\\@oxc-transform\\binding-linux-x64-gnu'
158 silly reify ]
159 verbose reify failed optional dependency D:\react-js\Vocal\node_modules\@oxc-transform\binding-linux-s390x-gnu
160 silly reify mark deleted [
160 silly reify   'D:\\react-js\\Vocal\\node_modules\\@oxc-transform\\binding-linux-s390x-gnu'
160 silly reify ]
161 verbose reify failed optional dependency D:\react-js\Vocal\node_modules\@oxc-transform\binding-linux-riscv64-musl
162 silly reify mark deleted [
162 silly reify   'D:\\react-js\\Vocal\\node_modules\\@oxc-transform\\binding-linux-riscv64-musl'
162 silly reify ]
163 verbose reify failed optional dependency D:\react-js\Vocal\node_modules\@oxc-transform\binding-linux-riscv64-gnu
164 silly reify mark deleted [
164 silly reify   'D:\\react-js\\Vocal\\node_modules\\@oxc-transform\\binding-linux-riscv64-gnu'
164 silly reify ]
165 verbose reify failed optional dependency D:\react-js\Vocal\node_modules\@oxc-transform\binding-linux-ppc64-gnu
166 silly reify mark deleted [
166 silly reify   'D:\\react-js\\Vocal\\node_modules\\@oxc-transform\\binding-linux-ppc64-gnu'
166 silly reify ]
167 verbose reify failed optional dependency D:\react-js\Vocal\node_modules\@oxc-transform\binding-linux-arm64-musl
168 silly reify mark deleted [
168 silly reify   'D:\\react-js\\Vocal\\node_modules\\@oxc-transform\\binding-linux-arm64-musl'
168 silly reify ]
169 verbose reify failed optional dependency D:\react-js\Vocal\node_modules\@oxc-transform\binding-linux-arm64-gnu
170 silly reify mark deleted [
170 silly reify   'D:\\react-js\\Vocal\\node_modules\\@oxc-transform\\binding-linux-arm64-gnu'
170 silly reify ]
171 verbose reify failed optional dependency D:\react-js\Vocal\node_modules\@oxc-transform\binding-linux-arm-musleabihf
172 silly reify mark deleted [
172 silly reify   'D:\\react-js\\Vocal\\node_modules\\@oxc-transform\\binding-linux-arm-musleabihf'
172 silly reify ]
173 verbose reify failed optional dependency D:\react-js\Vocal\node_modules\@oxc-transform\binding-linux-arm-gnueabihf
174 silly reify mark deleted [
174 silly reify   'D:\\react-js\\Vocal\\node_modules\\@oxc-transform\\binding-linux-arm-gnueabihf'
174 silly reify ]
175 verbose reify failed optional dependency D:\react-js\Vocal\node_modules\@oxc-transform\binding-freebsd-x64
176 silly reify mark deleted [
176 silly reify   'D:\\react-js\\Vocal\\node_modules\\@oxc-transform\\binding-freebsd-x64'
176 silly reify ]
177 verbose reify failed optional dependency D:\react-js\Vocal\node_modules\@oxc-transform\binding-darwin-x64
178 silly reify mark deleted [
178 silly reify   'D:\\react-js\\Vocal\\node_modules\\@oxc-transform\\binding-darwin-x64'
178 silly reify ]
179 verbose reify failed optional dependency D:\react-js\Vocal\node_modules\@oxc-transform\binding-darwin-arm64
180 silly reify mark deleted [
180 silly reify   'D:\\react-js\\Vocal\\node_modules\\@oxc-transform\\binding-darwin-arm64'
180 silly reify ]
181 verbose reify failed optional dependency D:\react-js\Vocal\node_modules\@oxc-transform\binding-android-arm64
182 silly reify mark deleted [
182 silly reify   'D:\\react-js\\Vocal\\node_modules\\@oxc-transform\\binding-android-arm64'
182 silly reify ]
183 verbose reify failed optional dependency D:\react-js\Vocal\node_modules\@oxc-transform\binding-android-arm-eabi
184 silly reify mark deleted [
184 silly reify   'D:\\react-js\\Vocal\\node_modules\\@oxc-transform\\binding-android-arm-eabi'
184 silly reify ]
185 verbose reify failed optional dependency D:\react-js\Vocal\node_modules\@esbuild\win32-ia32
186 silly reify mark deleted [ 'D:\\react-js\\Vocal\\node_modules\\@esbuild\\win32-ia32' ]
187 verbose reify failed optional dependency D:\react-js\Vocal\node_modules\@esbuild\win32-arm64
188 silly reify mark deleted [ 'D:\\react-js\\Vocal\\node_modules\\@esbuild\\win32-arm64' ]
189 verbose reify failed optional dependency D:\react-js\Vocal\node_modules\@esbuild\sunos-x64
190 silly reify mark deleted [ 'D:\\react-js\\Vocal\\node_modules\\@esbuild\\sunos-x64' ]
191 verbose reify failed optional dependency D:\react-js\Vocal\node_modules\@esbuild\openharmony-arm64
192 silly reify mark deleted [ 'D:\\react-js\\Vocal\\node_modules\\@esbuild\\openharmony-arm64' ]
193 verbose reify failed optional dependency D:\react-js\Vocal\node_modules\@esbuild\openbsd-x64
194 silly reify mark deleted [ 'D:\\react-js\\Vocal\\node_modules\\@esbuild\\openbsd-x64' ]
195 verbose reify failed optional dependency D:\react-js\Vocal\node_modules\@esbuild\openbsd-arm64
196 silly reify mark deleted [ 'D:\\react-js\\Vocal\\node_modules\\@esbuild\\openbsd-arm64' ]
197 verbose reify failed optional dependency D:\react-js\Vocal\node_modules\@esbuild\netbsd-x64
198 silly reify mark deleted [ 'D:\\react-js\\Vocal\\node_modules\\@esbuild\\netbsd-x64' ]
199 verbose reify failed optional dependency D:\react-js\Vocal\node_modules\@esbuild\netbsd-arm64
200 silly reify mark deleted [ 'D:\\react-js\\Vocal\\node_modules\\@esbuild\\netbsd-arm64' ]
201 verbose reify failed optional dependency D:\react-js\Vocal\node_modules\@esbuild\linux-x64
202 silly reify mark deleted [ 'D:\\react-js\\Vocal\\node_modules\\@esbuild\\linux-x64' ]
203 verbose reify failed optional dependency D:\react-js\Vocal\node_modules\@esbuild\linux-s390x
204 silly reify mark deleted [ 'D:\\react-js\\Vocal\\node_modules\\@esbuild\\linux-s390x' ]
205 verbose reify failed optional dependency D:\react-js\Vocal\node_modules\@esbuild\linux-riscv64
206 silly reify mark deleted [ 'D:\\react-js\\Vocal\\node_modules\\@esbuild\\linux-riscv64' ]
207 verbose reify failed optional dependency D:\react-js\Vocal\node_modules\@esbuild\linux-ppc64
208 silly reify mark deleted [ 'D:\\react-js\\Vocal\\node_modules\\@esbuild\\linux-ppc64' ]
209 verbose reify failed optional dependency D:\react-js\Vocal\node_modules\@esbuild\linux-mips64el
210 silly reify mark deleted [ 'D:\\react-js\\Vocal\\node_modules\\@esbuild\\linux-mips64el' ]
211 verbose reify failed optional dependency D:\react-js\Vocal\node_modules\@esbuild\linux-loong64
212 silly reify mark deleted [ 'D:\\react-js\\Vocal\\node_modules\\@esbuild\\linux-loong64' ]
213 verbose reify failed optional dependency D:\react-js\Vocal\node_modules\@esbuild\linux-ia32
214 silly reify mark deleted [ 'D:\\react-js\\Vocal\\node_modules\\@esbuild\\linux-ia32' ]
215 verbose reify failed optional dependency D:\react-js\Vocal\node_modules\@esbuild\linux-arm64
216 silly reify mark deleted [ 'D:\\react-js\\Vocal\\node_modules\\@esbuild\\linux-arm64' ]
217 verbose reify failed optional dependency D:\react-js\Vocal\node_modules\@esbuild\linux-arm
218 silly reify mark deleted [ 'D:\\react-js\\Vocal\\node_modules\\@esbuild\\linux-arm' ]
219 verbose reify failed optional dependency D:\react-js\Vocal\node_modules\@esbuild\freebsd-x64
220 silly reify mark deleted [ 'D:\\react-js\\Vocal\\node_modules\\@esbuild\\freebsd-x64' ]
221 verbose reify failed optional dependency D:\react-js\Vocal\node_modules\@esbuild\freebsd-arm64
222 silly reify mark deleted [ 'D:\\react-js\\Vocal\\node_modules\\@esbuild\\freebsd-arm64' ]
223 verbose reify failed optional dependency D:\react-js\Vocal\node_modules\@esbuild\darwin-x64
224 silly reify mark deleted [ 'D:\\react-js\\Vocal\\node_modules\\@esbuild\\darwin-x64' ]
225 verbose reify failed optional dependency D:\react-js\Vocal\node_modules\@esbuild\darwin-arm64
226 silly reify mark deleted [ 'D:\\react-js\\Vocal\\node_modules\\@esbuild\\darwin-arm64' ]
227 verbose reify failed optional dependency D:\react-js\Vocal\node_modules\@esbuild\android-x64
228 silly reify mark deleted [ 'D:\\react-js\\Vocal\\node_modules\\@esbuild\\android-x64' ]
229 verbose reify failed optional dependency D:\react-js\Vocal\node_modules\@esbuild\android-arm64
230 silly reify mark deleted [ 'D:\\react-js\\Vocal\\node_modules\\@esbuild\\android-arm64' ]
231 verbose reify failed optional dependency D:\react-js\Vocal\node_modules\@esbuild\android-arm
232 silly reify mark deleted [ 'D:\\react-js\\Vocal\\node_modules\\@esbuild\\android-arm' ]
233 verbose reify failed optional dependency D:\react-js\Vocal\node_modules\@esbuild\aix-ppc64
234 silly reify mark deleted [ 'D:\\react-js\\Vocal\\node_modules\\@esbuild\\aix-ppc64' ]
235 verbose reify failed optional dependency D:\react-js\Vocal\node_modules\vite\node_modules\@esbuild\win32-ia32
236 silly reify mark deleted [
236 silly reify   'D:\\react-js\\Vocal\\node_modules\\vite\\node_modules\\@esbuild\\win32-ia32'
236 silly reify ]
237 verbose reify failed optional dependency D:\react-js\Vocal\node_modules\vite\node_modules\@esbuild\win32-arm64
238 silly reify mark deleted [
238 silly reify   'D:\\react-js\\Vocal\\node_modules\\vite\\node_modules\\@esbuild\\win32-arm64'
238 silly reify ]
239 verbose reify failed optional dependency D:\react-js\Vocal\node_modules\vite\node_modules\@esbuild\sunos-x64
240 silly reify mark deleted [
240 silly reify   'D:\\react-js\\Vocal\\node_modules\\vite\\node_modules\\@esbuild\\sunos-x64'
240 silly reify ]
241 verbose reify failed optional dependency D:\react-js\Vocal\node_modules\vite\node_modules\@esbuild\openharmony-arm64
242 silly reify mark deleted [
242 silly reify   'D:\\react-js\\Vocal\\node_modules\\vite\\node_modules\\@esbuild\\openharmony-arm64'
242 silly reify ]
243 verbose reify failed optional dependency D:\react-js\Vocal\node_modules\vite\node_modules\@esbuild\openbsd-x64
244 silly reify mark deleted [
244 silly reify   'D:\\react-js\\Vocal\\node_modules\\vite\\node_modules\\@esbuild\\openbsd-x64'
244 silly reify ]
245 verbose reify failed optional dependency D:\react-js\Vocal\node_modules\vite\node_modules\@esbuild\openbsd-arm64
246 silly reify mark deleted [
246 silly reify   'D:\\react-js\\Vocal\\node_modules\\vite\\node_modules\\@esbuild\\openbsd-arm64'
246 silly reify ]
247 verbose reify failed optional dependency D:\react-js\Vocal\node_modules\vite\node_modules\@esbuild\netbsd-x64
248 silly reify mark deleted [
248 silly reify   'D:\\react-js\\Vocal\\node_modules\\vite\\node_modules\\@esbuild\\netbsd-x64'
248 silly reify ]
249 verbose reify failed optional dependency D:\react-js\Vocal\node_modules\vite\node_modules\@esbuild\netbsd-arm64
250 silly reify mark deleted [
250 silly reify   'D:\\react-js\\Vocal\\node_modules\\vite\\node_modules\\@esbuild\\netbsd-arm64'
250 silly reify ]
251 verbose reify failed optional dependency D:\react-js\Vocal\node_modules\vite\node_modules\@esbuild\linux-x64
252 silly reify mark deleted [
252 silly reify   'D:\\react-js\\Vocal\\node_modules\\vite\\node_modules\\@esbuild\\linux-x64'
252 silly reify ]
253 verbose reify failed optional dependency D:\react-js\Vocal\node_modules\vite\node_modules\@esbuild\linux-s390x
254 silly reify mark deleted [
254 silly reify   'D:\\react-js\\Vocal\\node_modules\\vite\\node_modules\\@esbuild\\linux-s390x'
254 silly reify ]
255 verbose reify failed optional dependency D:\react-js\Vocal\node_modules\vite\node_modules\@esbuild\linux-riscv64
256 silly reify mark deleted [
256 silly reify   'D:\\react-js\\Vocal\\node_modules\\vite\\node_modules\\@esbuild\\linux-riscv64'
256 silly reify ]
257 verbose reify failed optional dependency D:\react-js\Vocal\node_modules\vite\node_modules\@esbuild\linux-ppc64
258 silly reify mark deleted [
258 silly reify   'D:\\react-js\\Vocal\\node_modules\\vite\\node_modules\\@esbuild\\linux-ppc64'
258 silly reify ]
259 verbose reify failed optional dependency D:\react-js\Vocal\node_modules\vite\node_modules\@esbuild\linux-mips64el
260 silly reify mark deleted [
260 silly reify   'D:\\react-js\\Vocal\\node_modules\\vite\\node_modules\\@esbuild\\linux-mips64el'
260 silly reify ]
261 verbose reify failed optional dependency D:\react-js\Vocal\node_modules\vite\node_modules\@esbuild\linux-loong64
262 silly reify mark deleted [
262 silly reify   'D:\\react-js\\Vocal\\node_modules\\vite\\node_modules\\@esbuild\\linux-loong64'
262 silly reify ]
263 verbose reify failed optional dependency D:\react-js\Vocal\node_modules\vite\node_modules\@esbuild\linux-ia32
264 silly reify mark deleted [
264 silly reify   'D:\\react-js\\Vocal\\node_modules\\vite\\node_modules\\@esbuild\\linux-ia32'
264 silly reify ]
265 verbose reify failed optional dependency D:\react-js\Vocal\node_modules\vite\node_modules\@esbuild\linux-arm64
266 silly reify mark deleted [
266 silly reify   'D:\\react-js\\Vocal\\node_modules\\vite\\node_modules\\@esbuild\\linux-arm64'
266 silly reify ]
267 verbose reify failed optional dependency D:\react-js\Vocal\node_modules\vite\node_modules\@esbuild\linux-arm
268 silly reify mark deleted [
268 silly reify   'D:\\react-js\\Vocal\\node_modules\\vite\\node_modules\\@esbuild\\linux-arm'
268 silly reify ]
269 verbose reify failed optional dependency D:\react-js\Vocal\node_modules\vite\node_modules\@esbuild\freebsd-x64
270 silly reify mark deleted [
270 silly reify   'D:\\react-js\\Vocal\\node_modules\\vite\\node_modules\\@esbuild\\freebsd-x64'
270 silly reify ]
271 verbose reify failed optional dependency D:\react-js\Vocal\node_modules\vite\node_modules\@esbuild\freebsd-arm64
272 silly reify mark deleted [
272 silly reify   'D:\\react-js\\Vocal\\node_modules\\vite\\node_modules\\@esbuild\\freebsd-arm64'
272 silly reify ]
273 verbose reify failed optional dependency D:\react-js\Vocal\node_modules\vite\node_modules\@esbuild\darwin-x64
274 silly reify mark deleted [
274 silly reify   'D:\\react-js\\Vocal\\node_modules\\vite\\node_modules\\@esbuild\\darwin-x64'
274 silly reify ]
275 verbose reify failed optional dependency D:\react-js\Vocal\node_modules\vite\node_modules\@esbuild\darwin-arm64
276 silly reify mark deleted [
276 silly reify   'D:\\react-js\\Vocal\\node_modules\\vite\\node_modules\\@esbuild\\darwin-arm64'
276 silly reify ]
277 verbose reify failed optional dependency D:\react-js\Vocal\node_modules\vite\node_modules\@esbuild\android-x64
278 silly reify mark deleted [
278 silly reify   'D:\\react-js\\Vocal\\node_modules\\vite\\node_modules\\@esbuild\\android-x64'
278 silly reify ]
279 verbose reify failed optional dependency D:\react-js\Vocal\node_modules\vite\node_modules\@esbuild\android-arm64
280 silly reify mark deleted [
280 silly reify   'D:\\react-js\\Vocal\\node_modules\\vite\\node_modules\\@esbuild\\android-arm64'
280 silly reify ]
281 verbose reify failed optional dependency D:\react-js\Vocal\node_modules\vite\node_modules\@esbuild\android-arm
282 silly reify mark deleted [
282 silly reify   'D:\\react-js\\Vocal\\node_modules\\vite\\node_modules\\@esbuild\\android-arm'
282 silly reify ]
283 verbose reify failed optional dependency D:\react-js\Vocal\node_modules\vite\node_modules\@esbuild\aix-ppc64
284 silly reify mark deleted [
284 silly reify   'D:\\react-js\\Vocal\\node_modules\\vite\\node_modules\\@esbuild\\aix-ppc64'
284 silly reify ]
285 silly tarball no local data for react-icons@https://registry.npmjs.org/react-icons/-/react-icons-5.6.0.tgz. Extracting by manifest.
286 http fetch POST 200 https://registry.npmjs.org/-/npm/v1/security/advisories/bulk 272ms
287 silly audit report {
287 silly audit report   '@tootallnate/once': [
287 silly audit report     {
287 silly audit report       id: 1113977,
287 silly audit report       url: 'https://github.com/advisories/GHSA-vpq2-c234-7xj6',
287 silly audit report       title: '@tootallnate/once vulnerable to Incorrect Control Flow Scoping',
287 silly audit report       severity: 'low',
287 silly audit report       vulnerable_versions: '<3.0.1',
287 silly audit report       cwe: [Array],
287 silly audit report       cvss: [Object]
287 silly audit report     }
287 silly audit report   ],
287 silly audit report   minimatch: [
287 silly audit report     {
287 silly audit report       id: 1113466,
287 silly audit report       url: 'https://github.com/advisories/GHSA-3ppc-4f35-3m26',
287 silly audit report       title: 'minimatch has a ReDoS via repeated wildcards with non-matching literal in pattern',
287 silly audit report       severity: 'high',
287 silly audit report       vulnerable_versions: '>=10.0.0 <10.2.1',
287 silly audit report       cwe: [Array],
287 silly audit report       cvss: [Object]
287 silly audit report     },
287 silly audit report     {
287 silly audit report       id: 1113545,
287 silly audit report       url: 'https://github.com/advisories/GHSA-7r86-cg39-jmmj',
287 silly audit report       title: 'minimatch has ReDoS: matchOne() combinatorial backtracking via multiple non-adjacent GLOBSTAR segments',
287 silly audit report       severity: 'high',
287 silly audit report       vulnerable_versions: '>=10.0.0 <10.2.3',
287 silly audit report       cwe: [Array],
287 silly audit report       cvss: [Object]
287 silly audit report     },
287 silly audit report     {
287 silly audit report       id: 1113553,
287 silly audit report       url: 'https://github.com/advisories/GHSA-23c5-xmqv-rm74',
287 silly audit report       title: 'minimatch ReDoS: nested *() extglobs generate catastrophically backtracking regular expressions',
287 silly audit report       severity: 'high',
287 silly audit report       vulnerable_versions: '>=10.0.0 <10.2.3',
287 silly audit report       cwe: [Array],
287 silly audit report       cvss: [Object]
287 silly audit report     }
287 silly audit report   ],
287 silly audit report   'path-to-regexp': [
287 silly audit report     {
287 silly audit report       id: 1101846,
287 silly audit report       url: 'https://github.com/advisories/GHSA-9wv6-86v2-598j',
287 silly audit report       title: 'path-to-regexp outputs backtracking regular expressions',
287 silly audit report       severity: 'high',
287 silly audit report       vulnerable_versions: '>=4.0.0 <6.3.0',
287 silly audit report       cwe: [Array],
287 silly audit report       cvss: [Object]
287 silly audit report     },
287 silly audit report     {
287 silly audit report       id: 1115573,
287 silly audit report       url: 'https://github.com/advisories/GHSA-j3q9-mxjg-w52f',
287 silly audit report       title: 'path-to-regexp vulnerable to Denial of Service via sequential optional groups',
287 silly audit report       severity: 'high',
287 silly audit report       vulnerable_versions: '>=8.0.0 <8.4.0',
287 silly audit report       cwe: [Array],
287 silly audit report       cvss: [Object]
287 silly audit report     },
287 silly audit report     {
287 silly audit report       id: 1115582,
287 silly audit report       url: 'https://github.com/advisories/GHSA-27v5-c462-wpq7',
287 silly audit report       title: 'path-to-regexp vulnerable to Regular Expression Denial of Service via multiple wildcards',
287 silly audit report       severity: 'moderate',
287 silly audit report       vulnerable_versions: '>=8.0.0 <8.4.0',
287 silly audit report       cwe: [Array],
287 silly audit report       cvss: [Object]
287 silly audit report     }
287 silly audit report   ],
287 silly audit report   undici: [
287 silly audit report     {
287 silly audit report       id: 1101610,
287 silly audit report       url: 'https://github.com/advisories/GHSA-c76h-2ccp-4975',
287 silly audit report       title: 'Use of Insufficiently Random Values in undici',
287 silly audit report       severity: 'moderate',
287 silly audit report       vulnerable_versions: '>=4.5.0 <5.28.5',
287 silly audit report       cwe: [Array],
287 silly audit report       cvss: [Object]
287 silly audit report     },
287 silly audit report     {
287 silly audit report       id: 1112496,
287 silly audit report       url: 'https://github.com/advisories/GHSA-g9mf-h72j-4rw9',
287 silly audit report       title: 'Undici has an unbounded decompression chain in HTTP responses on Node.js Fetch API via Content-Encoding leads to resource exhaustion',
287 silly audit report       severity: 'moderate',
287 silly audit report       vulnerable_versions: '<6.23.0',
287 silly audit report       cwe: [Array],
287 silly audit report       cvss: [Object]
287 silly audit report     },
287 silly audit report     {
287 silly audit report       id: 1113069,
287 silly audit report       url: 'https://github.com/advisories/GHSA-cxrh-j4jr-qwg3',
287 silly audit report       title: 'undici Denial of Service attack via bad certificate data',
287 silly audit report       severity: 'low',
287 silly audit report       vulnerable_versions: '<5.29.0',
287 silly audit report       cwe: [Array],
287 silly audit report       cvss: [Object]
287 silly audit report     },
287 silly audit report     {
287 silly audit report       id: 1114594,
287 silly audit report       url: 'https://github.com/advisories/GHSA-2mjp-6q6p-2qxm',
287 silly audit report       title: 'Undici has an HTTP Request/Response Smuggling issue',
287 silly audit report       severity: 'moderate',
287 silly audit report       vulnerable_versions: '<6.24.0',
287 silly audit report       cwe: [Array],
287 silly audit report       cvss: [Object]
287 silly audit report     },
287 silly audit report     {
287 silly audit report       id: 1114638,
287 silly audit report       url: 'https://github.com/advisories/GHSA-vrm6-8vpv-qv8q',
287 silly audit report       title: 'Undici has Unbounded Memory Consumption in WebSocket permessage-deflate Decompression',
287 silly audit report       severity: 'high',
287 silly audit report       vulnerable_versions: '<6.24.0',
287 silly audit report       cwe: [Array],
287 silly audit report       cvss: [Object]
287 silly audit report     },
287 silly audit report     {
287 silly audit report       id: 1114640,
287 silly audit report       url: 'https://github.com/advisories/GHSA-v9p9-hfj2-hcw8',
287 silly audit report       title: 'Undici has Unhandled Exception in WebSocket Client Due to Invalid server_max_window_bits Validation',
287 silly audit report       severity: 'high',
287 silly audit report       vulnerable_versions: '<6.24.0',
287 silly audit report       cwe: [Array],
287 silly audit report       cvss: [Object]
287 silly audit report     },
287 silly audit report     {
287 silly audit report       id: 1114642,
287 silly audit report       url: 'https://github.com/advisories/GHSA-4992-7rv2-5pvq',
287 silly audit report       title: 'Undici has CRLF Injection in undici via `upgrade` option',
287 silly audit report       severity: 'moderate',
287 silly audit report       vulnerable_versions: '<6.24.0',
287 silly audit report       cwe: [Array],
287 silly audit report       cvss: [Object]
287 silly audit report     }
287 silly audit report   ],
287 silly audit report   ajv: [
287 silly audit report     {
287 silly audit report       id: 1113715,
287 silly audit report       url: 'https://github.com/advisories/GHSA-2g4f-4pwh-qvx6',
287 silly audit report       title: 'ajv has ReDoS when using `$data` option',
287 silly audit report       severity: 'moderate',
287 silly audit report       vulnerable_versions: '>=7.0.0-alpha.0 <8.18.0',
287 silly audit report       cwe: [Array],
287 silly audit report       cvss: [Object]
287 silly audit report     }
287 silly audit report   ],
287 silly audit report   'smol-toml': [
287 silly audit report     {
287 silly audit report       id: 1115393,
287 silly audit report       url: 'https://github.com/advisories/GHSA-v3rj-xjv7-4jmq',
287 silly audit report       title: 'smol-toml: Denial of Service via TOML documents containing thousands of consecutive commented lines',
287 silly audit report       severity: 'moderate',
287 silly audit report       vulnerable_versions: '<1.6.1',
287 silly audit report       cwe: [Array],
287 silly audit report       cvss: [Object]
287 silly audit report     }
287 silly audit report   ],
287 silly audit report   srvx: [
287 silly audit report     {
287 silly audit report       id: 1115537,
287 silly audit report       url: 'https://github.com/advisories/GHSA-p36q-q72m-gchr',
287 silly audit report       title: 'srvx is vulnerable to middleware bypass via absolute URI in request line ',
287 silly audit report       severity: 'moderate',
287 silly audit report       vulnerable_versions: '<0.11.13',
287 silly audit report       cwe: [Array],
287 silly audit report       cvss: [Object]
287 silly audit report     }
287 silly audit report   ],
287 silly audit report   tar: [
287 silly audit report     {
287 silly audit report       id: 1113375,
287 silly audit report       url: 'https://github.com/advisories/GHSA-83g3-92jg-28cx',
287 silly audit report       title: 'Arbitrary File Read/Write via Hardlink Target Escape Through Symlink Chain in node-tar Extraction',
287 silly audit report       severity: 'high',
287 silly audit report       vulnerable_versions: '<7.5.8',
287 silly audit report       cwe: [Array],
287 silly audit report       cvss: [Object]
287 silly audit report     },
287 silly audit report     {
287 silly audit report       id: 1114200,
287 silly audit report       url: 'https://github.com/advisories/GHSA-qffp-2rhf-9h96',
287 silly audit report       title: 'tar has Hardlink Path Traversal via Drive-Relative Linkpath',
287 silly audit report       severity: 'high',
287 silly audit report       vulnerable_versions: '<=7.5.9',
287 silly audit report       cwe: [Array],
287 silly audit report       cvss: [Object]
287 silly audit report     },
287 silly audit report     {
287 silly audit report       id: 1114302,
287 silly audit report       url: 'https://github.com/advisories/GHSA-9ppj-qmqm-q256',
287 silly audit report       title: 'node-tar Symlink Path Traversal via Drive-Relative Linkpath',
287 silly audit report       severity: 'high',
287 silly audit report       vulnerable_versions: '<=7.5.10',
287 silly audit report       cwe: [Array],
287 silly audit report       cvss: [Object]
287 silly audit report     }
287 silly audit report   ]
287 silly audit report }
288 silly packumentCache corgi:https://registry.npmjs.org/@tootallnate%2fonce cache-miss
289 silly packumentCache corgi:https://registry.npmjs.org/minimatch cache-miss
290 silly packumentCache corgi:https://registry.npmjs.org/path-to-regexp cache-miss
291 silly packumentCache corgi:https://registry.npmjs.org/undici cache-miss
292 silly packumentCache corgi:https://registry.npmjs.org/ajv cache-miss
293 silly packumentCache corgi:https://registry.npmjs.org/smol-toml cache-miss
294 silly packumentCache corgi:https://registry.npmjs.org/srvx cache-miss
295 silly packumentCache corgi:https://registry.npmjs.org/tar cache-miss
296 http fetch GET 200 https://registry.npmjs.org/path-to-regexp 476ms (cache revalidated)
297 silly packumentCache corgi:https://registry.npmjs.org/path-to-regexp set size:66575 disposed:false
298 http fetch GET 200 https://registry.npmjs.org/@tootallnate%2fonce 894ms (cache revalidated)
299 silly packumentCache corgi:https://registry.npmjs.org/@tootallnate%2fonce set size:10818 disposed:false
300 http fetch GET 200 https://registry.npmjs.org/minimatch 917ms (cache revalidated)
301 silly packumentCache corgi:https://registry.npmjs.org/minimatch set size:168441 disposed:false
302 http fetch GET 200 https://registry.npmjs.org/tar 992ms (cache revalidated)
303 silly packumentCache corgi:https://registry.npmjs.org/tar set size:199254 disposed:false
304 http fetch GET 200 https://registry.npmjs.org/ajv 1037ms (cache revalidated)
305 silly packumentCache corgi:https://registry.npmjs.org/ajv set size:464537 disposed:false
306 http fetch GET 200 https://registry.npmjs.org/undici 1063ms (cache revalidated)
307 silly packumentCache corgi:https://registry.npmjs.org/undici set size:425958 disposed:false
308 http fetch GET 200 https://registry.npmjs.org/smol-toml 1086ms (cache revalidated)
309 silly packumentCache corgi:https://registry.npmjs.org/smol-toml set size:21871 disposed:false
310 http fetch GET 200 https://registry.npmjs.org/srvx 1093ms (cache revalidated)
311 silly packumentCache corgi:https://registry.npmjs.org/srvx set size:86505 disposed:false
312 silly packumentCache corgi:https://registry.npmjs.org/@vercel%2ffun cache-miss
313 http fetch GET 200 https://registry.npmjs.org/@vercel%2ffun 369ms (cache revalidated)
314 silly packumentCache corgi:https://registry.npmjs.org/@vercel%2ffun set size:23528 disposed:false
315 silly packumentCache corgi:https://registry.npmjs.org/@vercel%2fpython-analysis cache-miss
316 http fetch GET 200 https://registry.npmjs.org/@vercel%2fpython-analysis 303ms (cache revalidated)
317 silly packumentCache corgi:https://registry.npmjs.org/@vercel%2fpython-analysis set size:20934 disposed:false
318 silly packumentCache corgi:https://registry.npmjs.org/@vercel%2fnode cache-miss
319 silly packumentCache corgi:https://registry.npmjs.org/@vercel%2fremix-builder cache-miss
320 http fetch GET 200 https://registry.npmjs.org/@vercel%2fremix-builder 347ms (cache revalidated)
321 silly packumentCache corgi:https://registry.npmjs.org/@vercel%2fremix-builder set size:135534 disposed:false
322 http fetch GET 200 https://registry.npmjs.org/@vercel%2fnode 392ms (cache revalidated)
323 silly packumentCache corgi:https://registry.npmjs.org/@vercel%2fnode set size:804236 disposed:false
324 silly packumentCache corgi:https://registry.npmjs.org/@vercel%2fbackends cache-miss
325 silly packumentCache corgi:https://registry.npmjs.org/@vercel%2fexpress cache-miss
326 silly packumentCache corgi:https://registry.npmjs.org/@vercel%2fhono cache-miss
327 http fetch GET 200 https://registry.npmjs.org/@vercel%2fbackends 409ms (cache revalidated)
328 silly packumentCache corgi:https://registry.npmjs.org/@vercel%2fbackends set size:59971 disposed:false
329 http fetch GET 200 https://registry.npmjs.org/@vercel%2fhono 419ms (cache revalidated)
330 silly packumentCache corgi:https://registry.npmjs.org/@vercel%2fhono set size:91582 disposed:false
331 http fetch GET 200 https://registry.npmjs.org/@vercel%2fexpress 581ms (cache revalidated)
332 silly packumentCache corgi:https://registry.npmjs.org/@vercel%2fexpress set size:95266 disposed:false
333 silly packumentCache corgi:https://registry.npmjs.org/@vercel%2fstatic-config cache-miss
334 http fetch GET 200 https://registry.npmjs.org/@vercel%2fstatic-config 360ms (cache revalidated)
335 silly packumentCache corgi:https://registry.npmjs.org/@vercel%2fstatic-config set size:45645 disposed:false
336 silly packumentCache corgi:https://registry.npmjs.org/@vercel%2frust cache-miss
337 http fetch GET 200 https://registry.npmjs.org/@vercel%2frust 357ms (cache revalidated)
338 silly packumentCache corgi:https://registry.npmjs.org/@vercel%2frust set size:8873 disposed:false
339 silly packumentCache corgi:https://registry.npmjs.org/@mapbox%2fnode-pre-gyp cache-miss
340 http fetch GET 200 https://registry.npmjs.org/react-icons/-/react-icons-5.6.0.tgz 4513ms (cache miss)
341 http fetch GET 200 https://registry.npmjs.org/@mapbox%2fnode-pre-gyp 210ms (cache revalidated)
342 silly packumentCache corgi:https://registry.npmjs.org/@mapbox%2fnode-pre-gyp set size:47144 disposed:false
343 silly packumentCache corgi:https://registry.npmjs.org/vercel cache-miss
344 http fetch GET 200 https://registry.npmjs.org/vercel 1859ms (cache revalidated)
345 silly packumentCache corgi:https://registry.npmjs.org/vercel set size:4078663 disposed:false
346 silly packumentCache corgi:https://registry.npmjs.org/@vercel%2fbuild-utils cache-miss
347 silly packumentCache corgi:https://registry.npmjs.org/@vercel%2fpython cache-miss
348 http fetch GET 200 https://registry.npmjs.org/@vercel%2fpython 288ms (cache revalidated)
349 silly packumentCache corgi:https://registry.npmjs.org/@vercel%2fpython set size:326725 disposed:false
350 http fetch GET 200 https://registry.npmjs.org/@vercel%2fbuild-utils 754ms (cache revalidated)
351 silly packumentCache corgi:https://registry.npmjs.org/@vercel%2fbuild-utils set size:796684 disposed:false
352 silly packumentCache corgi:https://registry.npmjs.org/@vercel%2felysia cache-miss
353 silly packumentCache corgi:https://registry.npmjs.org/@vercel%2ffastify cache-miss
354 silly packumentCache corgi:https://registry.npmjs.org/@vercel%2fh3 cache-miss
355 silly packumentCache corgi:https://registry.npmjs.org/@vercel%2fkoa cache-miss
356 silly packumentCache corgi:https://registry.npmjs.org/@vercel%2fnestjs cache-miss
357 http fetch GET 200 https://registry.npmjs.org/@vercel%2felysia 527ms (cache revalidated)
358 silly packumentCache corgi:https://registry.npmjs.org/@vercel%2felysia set size:53067 disposed:false
359 http fetch GET 200 https://registry.npmjs.org/@vercel%2fh3 542ms (cache revalidated)
360 silly packumentCache corgi:https://registry.npmjs.org/@vercel%2fh3 set size:61428 disposed:false
361 http fetch GET 200 https://registry.npmjs.org/@vercel%2ffastify 565ms (cache revalidated)
362 silly packumentCache corgi:https://registry.npmjs.org/@vercel%2ffastify set size:57072 disposed:false
363 http fetch GET 200 https://registry.npmjs.org/@vercel%2fkoa 587ms (cache revalidated)
364 silly packumentCache corgi:https://registry.npmjs.org/@vercel%2fkoa set size:36568 disposed:false
365 http fetch GET 200 https://registry.npmjs.org/@vercel%2fnestjs 652ms (cache revalidated)
366 silly packumentCache corgi:https://registry.npmjs.org/@vercel%2fnestjs set size:61528 disposed:false
367 silly packumentCache corgi:https://registry.npmjs.org/@vercel%2fcervel cache-miss
368 http fetch GET 200 https://registry.npmjs.org/@vercel%2fcervel 314ms (cache revalidated)
369 silly packumentCache corgi:https://registry.npmjs.org/@vercel%2fcervel set size:36366 disposed:false
370 silly packumentCache corgi:https://registry.npmjs.org/@vercel%2fhydrogen cache-miss
371 silly packumentCache corgi:https://registry.npmjs.org/@vercel%2fredwood cache-miss
372 silly packumentCache corgi:https://registry.npmjs.org/@vercel%2fstatic-build cache-miss
373 http fetch GET 200 https://registry.npmjs.org/@vercel%2fhydrogen 447ms (cache revalidated)
374 silly packumentCache corgi:https://registry.npmjs.org/@vercel%2fhydrogen set size:122825 disposed:false
375 http fetch GET 200 https://registry.npmjs.org/@vercel%2fredwood 569ms (cache revalidated)
376 silly packumentCache corgi:https://registry.npmjs.org/@vercel%2fredwood set size:263483 disposed:false
377 http fetch GET 200 https://registry.npmjs.org/@vercel%2fstatic-build 702ms (cache revalidated)
378 silly packumentCache corgi:https://registry.npmjs.org/@vercel%2fstatic-build set size:601831 disposed:false
379 silly packumentCache corgi:https://registry.npmjs.org/@vercel%2fgatsby-plugin-vercel-builder cache-miss
380 http fetch GET 200 https://registry.npmjs.org/@vercel%2fgatsby-plugin-vercel-builder 413ms (cache revalidated)
381 silly packumentCache corgi:https://registry.npmjs.org/@vercel%2fgatsby-plugin-vercel-builder set size:250672 disposed:false
382 silly ADD node_modules/react-icons
383 silly ADD
384 silly ADD
385 silly ADD
386 silly ADD
387 silly ADD
388 silly ADD
389 silly ADD
390 silly ADD
391 silly ADD
392 silly ADD
393 silly ADD
394 silly ADD
395 silly ADD
396 silly ADD
397 silly ADD
398 silly ADD
399 silly ADD
400 silly ADD
401 silly ADD
402 silly ADD
403 silly ADD
404 silly ADD
405 silly ADD
406 silly ADD
407 silly ADD
408 silly ADD
409 silly ADD
410 silly ADD
411 silly ADD
412 silly ADD
413 silly ADD
414 silly ADD
415 silly ADD
416 silly ADD
417 silly ADD
418 silly ADD
419 silly ADD
420 silly ADD
421 silly ADD
422 silly ADD
423 silly ADD
424 silly ADD
425 silly ADD
426 silly ADD
427 silly ADD
428 silly ADD
429 silly ADD
430 silly ADD
431 silly ADD
432 silly ADD
433 silly ADD
434 silly ADD
435 silly ADD
436 silly ADD
437 silly ADD
438 silly ADD
439 silly ADD
440 silly ADD
441 silly ADD
442 silly ADD
443 silly ADD
444 silly ADD
445 silly ADD
446 silly ADD
447 silly ADD
448 silly ADD
449 silly ADD
450 silly ADD
451 silly ADD
452 silly ADD
453 silly ADD
454 silly ADD
455 silly ADD
456 silly ADD
457 silly ADD
458 silly ADD
459 silly ADD
460 silly ADD
461 silly ADD
462 silly ADD
463 silly ADD
464 silly ADD
465 silly ADD
466 silly ADD
467 silly ADD
468 silly ADD
469 silly ADD
470 silly ADD
471 silly ADD
472 silly ADD
473 silly ADD
474 silly ADD
475 silly ADD
476 silly ADD
477 silly ADD
478 silly ADD
479 silly ADD
480 silly ADD
481 silly ADD
482 silly ADD
483 silly ADD
484 silly ADD
485 silly ADD
486 silly ADD
487 silly ADD
488 silly ADD
489 silly ADD
490 silly ADD
491 silly ADD
492 silly ADD
493 silly ADD
494 silly ADD
495 silly ADD
496 silly ADD
497 silly ADD
498 silly ADD
499 silly ADD
500 silly ADD
501 silly ADD
502 silly ADD
503 silly ADD
504 silly ADD
505 silly ADD
506 silly ADD
507 silly ADD
508 silly ADD
509 silly ADD
510 silly ADD
511 verbose cwd D:\react-js\Vocal
512 verbose os Windows_NT 10.0.19045
513 verbose node v20.16.0
514 verbose npm  v10.8.1
515 verbose exit 0
516 info ok
